

Started GET "/assets/rails.png" for 0:0:0:0:0:0:0:1 at 2012-09-07 14:09:14 -0300
Connecting to database specified by database.yml
Served asset /rails.png - 304 Not Modified (77ms)


Started GET "/rails/info/properties" for 0:0:0:0:0:0:0:1 at 2012-09-07 14:09:16 -0300
ActiveRecord::JDBCError: query does not return ResultSet: PRAGMA table_info("schema_migrations")
Processing by Rails::InfoController#properties as */*
  Rendered inline template (15.0ms)
Completed 200 OK in 72ms (Views: 69.0ms | ActiveRecord: 0.0ms)
Connecting to database specified by database.yml
Connecting to database specified by database.yml
ActiveRecord::JDBCError: query does not return ResultSet: PRAGMA table_info("schema_migrations")
  [1m[36m (66.0ms)[0m  [1mCREATE TABLE "schema_migrations" ("version" varchar(255) NOT NULL) [0m
  [1m[35m (0.0ms)[0m  SELECT name, sql FROM sqlite_master WHERE tbl_name = "schema_migrations" AND type = 'index'
  [1m[36m (68.0ms)[0m  [1mCREATE UNIQUE INDEX "unique_schema_migrations" ON "schema_migrations" ("version")[0m
ActiveRecord::JDBCError: query does not return ResultSet: PRAGMA table_info("schema_info")
  [1m[35m (0.0ms)[0m  SELECT "schema_migrations"."version" FROM "schema_migrations" 
Migrating to Test (20120907171017)
  [1m[36m (0.0ms)[0m  [1mCREATE TABLE "employee" ("id" integer primary key autoincrement not null, "name" varchar(60), "created_at" datetime NOT NULL, "updated_at" datetime NOT NULL, "hire_date" date, "#<ActiveRecord::ConnectionAdapters::TableDefinition:0x7407c69b>" date) [0m
  [1m[35m (0.0ms)[0m  INSERT INTO "schema_migrations" ("version") VALUES ('20120907171017')
  [1m[36m (0.0ms)[0m  [1mSELECT "schema_migrations"."version" FROM "schema_migrations" [0m
  [1m[35m (0.0ms)[0m   SELECT name
 FROM sqlite_master
 WHERE type = 'table' AND NOT name = 'sqlite_sequence'

  [1m[36m (0.0ms)[0m  [1mSELECT name, sql FROM sqlite_master WHERE tbl_name = "employee" AND type = 'index'[0m
Connecting to database specified by database.yml


Started GET "/assets/rails.png" for 0:0:0:0:0:0:0:1 at 2012-09-07 14:16:52 -0300
Connecting to database specified by database.yml
Served asset /rails.png - 304 Not Modified (29ms)


Started GET "/employees" for 0:0:0:0:0:0:0:1 at 2012-09-07 14:17:44 -0300
Processing by EmployeesController#index as HTML
ActiveRecord::JDBCError: query does not return ResultSet: PRAGMA table_info("employees")
Completed 500 Internal Server Error in 103ms

ActiveRecord::StatementInvalid (ActiveRecord::JDBCError: query does not return ResultSet: PRAGMA table_info("employees")):
  app/controllers/employees_controller.rb:5:in `index'


  Rendered c:/jruby-1.7.0.preview2/lib/ruby/gems/shared/gems/actionpack-3.2.8/lib/action_dispatch/middleware/templates/rescues/_trace.erb (8.0ms)
  Rendered c:/jruby-1.7.0.preview2/lib/ruby/gems/shared/gems/actionpack-3.2.8/lib/action_dispatch/middleware/templates/rescues/_request_and_response.erb (6.0ms)
  Rendered c:/jruby-1.7.0.preview2/lib/ruby/gems/shared/gems/actionpack-3.2.8/lib/action_dispatch/middleware/templates/rescues/diagnostics.erb within rescues/layout (50.0ms)
Connecting to database specified by database.yml


Started GET "/assets/rails.png" for 0:0:0:0:0:0:0:1 at 2012-09-07 14:20:19 -0300
Connecting to database specified by database.yml
Served asset /rails.png - 304 Not Modified (26ms)


Started GET "/rails/info/properties" for 0:0:0:0:0:0:0:1 at 2012-09-07 14:20:59 -0300
  [1m[36m (1.0ms)[0m  [1mSELECT "schema_migrations"."version" FROM "schema_migrations" [0m
Processing by Rails::InfoController#properties as */*
  Rendered inline template (17.0ms)
Completed 200 OK in 63ms (Views: 61.0ms | ActiveRecord: 0.0ms)


Started GET "/employees" for 0:0:0:0:0:0:0:1 at 2012-09-07 14:21:04 -0300
Processing by EmployeesController#index as HTML
ActiveRecord::JDBCError: query does not return ResultSet: PRAGMA table_info("employees")
Completed 500 Internal Server Error in 92ms

ActiveRecord::StatementInvalid (ActiveRecord::JDBCError: query does not return ResultSet: PRAGMA table_info("employees")):
  app/controllers/employees_controller.rb:5:in `index'


  Rendered c:/jruby-1.7.0.preview2/lib/ruby/gems/shared/gems/actionpack-3.2.8/lib/action_dispatch/middleware/templates/rescues/_trace.erb (7.0ms)
  Rendered c:/jruby-1.7.0.preview2/lib/ruby/gems/shared/gems/actionpack-3.2.8/lib/action_dispatch/middleware/templates/rescues/_request_and_response.erb (5.0ms)
  Rendered c:/jruby-1.7.0.preview2/lib/ruby/gems/shared/gems/actionpack-3.2.8/lib/action_dispatch/middleware/templates/rescues/diagnostics.erb within rescues/layout (38.0ms)
Connecting to database specified by database.yml
ActiveRecord::JDBCError: query does not return ResultSet: PRAGMA table_info("schema_migrations")
  [1m[36m (75.0ms)[0m  [1mCREATE TABLE "schema_migrations" ("version" varchar(255) NOT NULL) [0m
  [1m[35m (2.0ms)[0m  SELECT name, sql FROM sqlite_master WHERE tbl_name = "schema_migrations" AND type = 'index'
  [1m[36m (98.0ms)[0m  [1mCREATE UNIQUE INDEX "unique_schema_migrations" ON "schema_migrations" ("version")[0m
ActiveRecord::JDBCError: query does not return ResultSet: PRAGMA table_info("schema_info")
  [1m[35m (1.0ms)[0m  SELECT "schema_migrations"."version" FROM "schema_migrations" 
Migrating to Test (20120907171017)
  [1m[36m (2.0ms)[0m  [1mCREATE TABLE "employee" ("id" integer primary key autoincrement not null, "name" varchar(60), "created_at" datetime NOT NULL, "updated_at" datetime NOT NULL, "hire_date" date, "#<ActiveRecord::ConnectionAdapters::TableDefinition:0x6b173cef>" date) [0m
  [1m[35m (1.0ms)[0m  INSERT INTO "schema_migrations" ("version") VALUES ('20120907171017')
Migrating to CreateEmployees (20120907171320)
  [1m[36m (0.0ms)[0m  [1mCREATE TABLE "employees" ("id" integer primary key autoincrement not null, "name" varchar(255), "hire_date" date, "created_at" datetime NOT NULL, "updated_at" datetime NOT NULL) [0m
  [1m[35m (1.0ms)[0m  INSERT INTO "schema_migrations" ("version") VALUES ('20120907171320')
  [1m[36m (1.0ms)[0m  [1mSELECT "schema_migrations"."version" FROM "schema_migrations" [0m
  [1m[35m (0.0ms)[0m   SELECT name
 FROM sqlite_master
 WHERE type = 'table' AND NOT name = 'sqlite_sequence'

  [1m[36m (1.0ms)[0m  [1mSELECT name, sql FROM sqlite_master WHERE tbl_name = "employee" AND type = 'index'[0m
  [1m[35m (0.0ms)[0m  SELECT name, sql FROM sqlite_master WHERE tbl_name = "employees" AND type = 'index'


Started GET "/employees" for 0:0:0:0:0:0:0:1 at 2012-09-07 14:26:34 -0300
Connecting to database specified by database.yml
Processing by EmployeesController#index as HTML
  [1m[36mEmployee Load (2.0ms)[0m  [1mSELECT "employees".* FROM "employees" [0m
  Rendered employees/index.html.erb within layouts/application (18.0ms)
Compiled employees.css  (79ms)  (pid 2672)
Compiled scaffolds.css  (252ms)  (pid 2672)
Compiled application.css  (519ms)  (pid 2672)
Compiled jquery.js  (16ms)  (pid 2672)
Compiled jquery_ujs.js  (1ms)  (pid 2672)
Compiled employees.js  (2326ms)  (pid 2672)
Compiled application.js  (2558ms)  (pid 2672)
Completed 200 OK in 3786ms (Views: 3691.0ms | ActiveRecord: 5.0ms)


Started GET "/assets/application.css?body=1" for 0:0:0:0:0:0:0:1 at 2012-09-07 14:26:40 -0300
Served asset /application.css - 200 OK (44ms)


Started GET "/assets/application.js?body=1" for 0:0:0:0:0:0:0:1 at 2012-09-07 14:26:40 -0300
Served asset /application.js - 200 OK (32ms)


Started GET "/assets/employees.css?body=1" for 0:0:0:0:0:0:0:1 at 2012-09-07 14:26:40 -0300
Served asset /employees.css - 200 OK (36ms)


Started GET "/assets/scaffolds.css?body=1" for 0:0:0:0:0:0:0:1 at 2012-09-07 14:26:40 -0300
Served asset /scaffolds.css - 200 OK (500ms)


Started GET "/assets/employees.js?body=1" for 0:0:0:0:0:0:0:1 at 2012-09-07 14:26:41 -0300
Served asset /employees.js - 200 OK (6ms)


Started GET "/assets/jquery_ujs.js?body=1" for 0:0:0:0:0:0:0:1 at 2012-09-07 14:26:41 -0300
Served asset /jquery_ujs.js - 200 OK (13ms)


Started GET "/assets/jquery.js?body=1" for 0:0:0:0:0:0:0:1 at 2012-09-07 14:26:41 -0300
Served asset /jquery.js - 200 OK (19ms)


Started GET "/employees/new" for 0:0:0:0:0:0:0:1 at 2012-09-07 14:26:43 -0300
Processing by EmployeesController#new as HTML
  Rendered employees/_form.html.erb (149.0ms)
  Rendered employees/new.html.erb within layouts/application (183.0ms)
Completed 200 OK in 333ms (Views: 294.0ms | ActiveRecord: 0.0ms)


Started POST "/employees" for 0:0:0:0:0:0:0:1 at 2012-09-07 14:26:53 -0300
Processing by EmployeesController#create as HTML
  Parameters: {"utf8"=>"✓", "authenticity_token"=>"dEwEygP7ww4mdlBW1wtceH+TqIEVShcvO/1u1UiY+5k=", "employee"=>{"name"=>"Michel da Cunha Henrich", "hire_date(1i)"=>"2012", "hire_date(2i)"=>"9", "hire_date(3i)"=>"7"}, "commit"=>"Create Employee"}
  [1m[35mSQL (10.0ms)[0m  INSERT INTO "employees" ("created_at", "hire_date", "name", "updated_at") VALUES ('2012-09-07 17:26:53.690000', '2012-09-07', 'Michel da Cunha Henrich', '2012-09-07 17:26:53.690000')
Redirected to http://localhost:3000/employees/1
Completed 302 Found in 223ms (ActiveRecord: 10.0ms)


Started GET "/employees/1" for 0:0:0:0:0:0:0:1 at 2012-09-07 14:26:53 -0300
Processing by EmployeesController#show as HTML
  Parameters: {"id"=>"1"}
  [1m[36mEmployee Load (1.0ms)[0m  [1mSELECT "employees".* FROM "employees" WHERE "employees"."id" = 1 LIMIT 1[0m
  Rendered employees/show.html.erb within layouts/application (9.0ms)
Completed 200 OK in 49ms (Views: 36.0ms | ActiveRecord: 1.0ms)


Started GET "/employees" for 0:0:0:0:0:0:0:1 at 2012-09-07 14:26:56 -0300
Processing by EmployeesController#index as HTML
  [1m[35mEmployee Load (0.0ms)[0m  SELECT "employees".* FROM "employees" 
  Rendered employees/index.html.erb within layouts/application (9.0ms)
Completed 200 OK in 40ms (Views: 35.0ms | ActiveRecord: 0.0ms)


Started GET "/employees/1" for 0:0:0:0:0:0:0:1 at 2012-09-07 14:27:21 -0300
Processing by EmployeesController#show as HTML
  Parameters: {"id"=>"1"}
  [1m[36mEmployee Load (0.0ms)[0m  [1mSELECT "employees".* FROM "employees" WHERE "employees"."id" = 1 LIMIT 1[0m
  Rendered employees/show.html.erb within layouts/application (3.0ms)
Completed 200 OK in 38ms (Views: 31.0ms | ActiveRecord: 0.0ms)


Started GET "/employees" for 0:0:0:0:0:0:0:1 at 2012-09-07 14:27:25 -0300
Processing by EmployeesController#index as HTML
  [1m[35mEmployee Load (1.0ms)[0m  SELECT "employees".* FROM "employees" 
  Rendered employees/index.html.erb within layouts/application (9.0ms)
Completed 200 OK in 38ms (Views: 34.0ms | ActiveRecord: 1.0ms)


Started DELETE "/employees/1" for 0:0:0:0:0:0:0:1 at 2012-09-07 14:27:27 -0300
Processing by EmployeesController#destroy as HTML
  Parameters: {"authenticity_token"=>"dEwEygP7ww4mdlBW1wtceH+TqIEVShcvO/1u1UiY+5k=", "id"=>"1"}
  [1m[36mEmployee Load (1.0ms)[0m  [1mSELECT "employees".* FROM "employees" WHERE "employees"."id" = 1 LIMIT 1[0m
  [1m[35mSQL (2.0ms)[0m  DELETE FROM "employees" WHERE "employees"."id" = 1
Redirected to http://localhost:3000/employees
Completed 302 Found in 130ms (ActiveRecord: 3.0ms)


Started GET "/employees" for 0:0:0:0:0:0:0:1 at 2012-09-07 14:27:27 -0300
Processing by EmployeesController#index as HTML
  [1m[36mEmployee Load (1.0ms)[0m  [1mSELECT "employees".* FROM "employees" [0m
  Rendered employees/index.html.erb within layouts/application (2.0ms)
Completed 200 OK in 32ms (Views: 23.0ms | ActiveRecord: 1.0ms)
Connecting to database specified by database.yml
  [1m[36m (0.0ms)[0m  [1mSELECT "schema_migrations"."version" FROM "schema_migrations" [0m
  [1m[35m (0.0ms)[0m  SELECT "schema_migrations"."version" FROM "schema_migrations" 
  [1m[36m (0.0ms)[0m  [1mSELECT "schema_migrations"."version" FROM "schema_migrations" [0m
Migrating to CreateEmployees (20120907171320)
  [1m[35m (0.0ms)[0m  DROP TABLE "employees"
  [1m[36m (0.0ms)[0m  [1mDELETE FROM "schema_migrations" WHERE "schema_migrations"."version" = '20120907171320'[0m
Migrating to Test (20120907171017)
  [1m[35m (0.0ms)[0m  DROP TABLE "employee"
  [1m[36m (0.0ms)[0m  [1mDELETE FROM "schema_migrations" WHERE "schema_migrations"."version" = '20120907171017'[0m
  [1m[35m (0.0ms)[0m  SELECT "schema_migrations"."version" FROM "schema_migrations" 
  [1m[36m (16.0ms)[0m  [1m SELECT name
 FROM sqlite_master
 WHERE type = 'table' AND NOT name = 'sqlite_sequence'
[0m
Connecting to database specified by database.yml
  [1m[36m (0.0ms)[0m  [1mSELECT "schema_migrations"."version" FROM "schema_migrations" [0m
Migrating to CreateEmployees (20120907171320)
  [1m[35m (0.0ms)[0m  CREATE TABLE "employees" ("id" integer primary key autoincrement not null, "name" varchar(255), "hire_date" date, "created_at" datetime NOT NULL, "updated_at" datetime NOT NULL) 
  [1m[36m (0.0ms)[0m  [1mINSERT INTO "schema_migrations" ("version") VALUES ('20120907171320')[0m
  [1m[35m (0.0ms)[0m  SELECT "schema_migrations"."version" FROM "schema_migrations" 
  [1m[36m (0.0ms)[0m  [1m SELECT name
 FROM sqlite_master
 WHERE type = 'table' AND NOT name = 'sqlite_sequence'
[0m
  [1m[35m (0.0ms)[0m  SELECT name, sql FROM sqlite_master WHERE tbl_name = "employees" AND type = 'index'


Started GET "/assets/rails.png" for 0:0:0:0:0:0:0:1 at 2012-09-07 14:29:54 -0300
Connecting to database specified by database.yml
Served asset /rails.png - 304 Not Modified (25ms)


Started GET "/employees" for 0:0:0:0:0:0:0:1 at 2012-09-07 14:29:57 -0300
Processing by EmployeesController#index as HTML
  [1m[36mEmployee Load (2.0ms)[0m  [1mSELECT "employees".* FROM "employees" [0m
  Rendered employees/index.html.erb within layouts/application (20.0ms)
Completed 200 OK in 385ms (Views: 277.0ms | ActiveRecord: 4.0ms)


Started GET "/assets/application.css?body=1" for 0:0:0:0:0:0:0:1 at 2012-09-07 14:29:57 -0300
Served asset /application.css - 304 Not Modified (36ms)


Started GET "/assets/scaffolds.css?body=1" for 0:0:0:0:0:0:0:1 at 2012-09-07 14:29:57 -0300
Served asset /scaffolds.css - 304 Not Modified (15ms)


Started GET "/assets/employees.css?body=1" for 0:0:0:0:0:0:0:1 at 2012-09-07 14:29:57 -0300
Served asset /employees.css - 304 Not Modified (9ms)


Started GET "/assets/jquery.js?body=1" for 0:0:0:0:0:0:0:1 at 2012-09-07 14:29:57 -0300
Served asset /jquery.js - 304 Not Modified (13ms)


Started GET "/assets/application.js?body=1" for 0:0:0:0:0:0:0:1 at 2012-09-07 14:29:57 -0300
Served asset /application.js - 304 Not Modified (69ms)


Started GET "/assets/jquery_ujs.js?body=1" for 0:0:0:0:0:0:0:1 at 2012-09-07 14:29:57 -0300
Served asset /jquery_ujs.js - 304 Not Modified (20ms)


Started GET "/assets/employees.js?body=1" for 0:0:0:0:0:0:0:1 at 2012-09-07 14:29:57 -0300
Served asset /employees.js - 304 Not Modified (8ms)


Started GET "/employees/new" for 0:0:0:0:0:0:0:1 at 2012-09-07 14:29:59 -0300
Processing by EmployeesController#new as HTML
  Rendered employees/_form.html.erb (129.0ms)
  Rendered employees/new.html.erb within layouts/application (147.0ms)
Completed 200 OK in 199ms (Views: 171.0ms | ActiveRecord: 0.0ms)


Started GET "/assets/application.css?body=1" for 0:0:0:0:0:0:0:1 at 2012-09-07 14:29:59 -0300
Served asset /application.css - 304 Not Modified (0ms)


Started GET "/assets/scaffolds.css?body=1" for 0:0:0:0:0:0:0:1 at 2012-09-07 14:29:59 -0300
Served asset /scaffolds.css - 304 Not Modified (0ms)


Started GET "/assets/employees.css?body=1" for 0:0:0:0:0:0:0:1 at 2012-09-07 14:29:59 -0300
Served asset /employees.css - 304 Not Modified (0ms)


Started GET "/assets/jquery.js?body=1" for 0:0:0:0:0:0:0:1 at 2012-09-07 14:30:00 -0300
Served asset /jquery.js - 304 Not Modified (1ms)


Started GET "/assets/employees.js?body=1" for 0:0:0:0:0:0:0:1 at 2012-09-07 14:30:00 -0300
Served asset /employees.js - 304 Not Modified (0ms)


Started GET "/assets/jquery_ujs.js?body=1" for 0:0:0:0:0:0:0:1 at 2012-09-07 14:30:00 -0300
Served asset /jquery_ujs.js - 304 Not Modified (0ms)


Started GET "/assets/application.js?body=1" for 0:0:0:0:0:0:0:1 at 2012-09-07 14:30:00 -0300
Served asset /application.js - 304 Not Modified (3ms)


Started POST "/employees" for 0:0:0:0:0:0:0:1 at 2012-09-07 14:30:01 -0300
Processing by EmployeesController#create as HTML
  Parameters: {"utf8"=>"✓", "authenticity_token"=>"dEwEygP7ww4mdlBW1wtceH+TqIEVShcvO/1u1UiY+5k=", "employee"=>{"name"=>"Test", "hire_date(1i)"=>"2012", "hire_date(2i)"=>"9", "hire_date(3i)"=>"7"}, "commit"=>"Create Employee"}
  [1m[35mSQL (3.0ms)[0m  INSERT INTO "employees" ("created_at", "hire_date", "name", "updated_at") VALUES ('2012-09-07 17:30:01.933000', '2012-09-07', 'Test', '2012-09-07 17:30:01.933000')
Redirected to http://localhost:3000/employees/1
Completed 302 Found in 328ms (ActiveRecord: 3.0ms)


Started GET "/employees/1" for 0:0:0:0:0:0:0:1 at 2012-09-07 14:30:02 -0300
Processing by EmployeesController#show as HTML
  Parameters: {"id"=>"1"}
  [1m[36mEmployee Load (0.0ms)[0m  [1mSELECT "employees".* FROM "employees" WHERE "employees"."id" = 1 LIMIT 1[0m
  Rendered employees/show.html.erb within layouts/application (6.0ms)
Completed 200 OK in 63ms (Views: 57.0ms | ActiveRecord: 0.0ms)


Started GET "/assets/application.css?body=1" for 0:0:0:0:0:0:0:1 at 2012-09-07 14:30:02 -0300
Served asset /application.css - 304 Not Modified (5ms)


Started GET "/assets/employees.css?body=1" for 0:0:0:0:0:0:0:1 at 2012-09-07 14:30:02 -0300
Served asset /employees.css - 304 Not Modified (1ms)


Started GET "/assets/jquery_ujs.js?body=1" for 0:0:0:0:0:0:0:1 at 2012-09-07 14:30:02 -0300
Served asset /jquery_ujs.js - 304 Not Modified (1ms)


Started GET "/assets/scaffolds.css?body=1" for 0:0:0:0:0:0:0:1 at 2012-09-07 14:30:02 -0300
Served asset /scaffolds.css - 304 Not Modified (0ms)


Started GET "/assets/employees.js?body=1" for 0:0:0:0:0:0:0:1 at 2012-09-07 14:30:02 -0300
Served asset /employees.js - 304 Not Modified (0ms)


Started GET "/assets/jquery.js?body=1" for 0:0:0:0:0:0:0:1 at 2012-09-07 14:30:02 -0300
Served asset /jquery.js - 304 Not Modified (2ms)


Started GET "/assets/application.js?body=1" for 0:0:0:0:0:0:0:1 at 2012-09-07 14:30:02 -0300
Served asset /application.js - 304 Not Modified (3ms)


Started GET "/employees" for 0:0:0:0:0:0:0:1 at 2012-09-07 14:30:03 -0300
Processing by EmployeesController#index as HTML
  [1m[35mEmployee Load (1.0ms)[0m  SELECT "employees".* FROM "employees" 
  Rendered employees/index.html.erb within layouts/application (9.0ms)
Completed 200 OK in 44ms (Views: 39.0ms | ActiveRecord: 1.0ms)


Started GET "/assets/application.css?body=1" for 0:0:0:0:0:0:0:1 at 2012-09-07 14:30:03 -0300
Served asset /application.css - 304 Not Modified (1ms)


Started GET "/assets/employees.js?body=1" for 0:0:0:0:0:0:0:1 at 2012-09-07 14:30:04 -0300
Served asset /employees.js - 304 Not Modified (1ms)


Started GET "/assets/jquery_ujs.js?body=1" for 0:0:0:0:0:0:0:1 at 2012-09-07 14:30:04 -0300
Served asset /jquery_ujs.js - 304 Not Modified (0ms)


Started GET "/assets/jquery.js?body=1" for 0:0:0:0:0:0:0:1 at 2012-09-07 14:30:04 -0300
Served asset /jquery.js - 304 Not Modified (1ms)


Started GET "/assets/employees.css?body=1" for 0:0:0:0:0:0:0:1 at 2012-09-07 14:30:04 -0300
Served asset /employees.css - 304 Not Modified (1ms)


Started GET "/assets/scaffolds.css?body=1" for 0:0:0:0:0:0:0:1 at 2012-09-07 14:30:04 -0300
Served asset /scaffolds.css - 304 Not Modified (1ms)


Started GET "/assets/application.js?body=1" for 0:0:0:0:0:0:0:1 at 2012-09-07 14:30:04 -0300
Served asset /application.js - 304 Not Modified (0ms)


Started GET "/employees/1.json" for 0:0:0:0:0:0:0:1 at 2012-09-07 14:30:11 -0300
Processing by EmployeesController#show as JSON
  Parameters: {"id"=>"1"}
  [1m[36mEmployee Load (1.0ms)[0m  [1mSELECT "employees".* FROM "employees" WHERE "employees"."id" = 1 LIMIT 1[0m
Completed 200 OK in 11ms (Views: 7.0ms | ActiveRecord: 1.0ms)


Started GET "/assets/rails.png" for 0:0:0:0:0:0:0:1 at 2012-09-07 14:32:50 -0300
Served asset /rails.png - 304 Not Modified (0ms)


Started GET "/employees" for 0:0:0:0:0:0:0:1 at 2012-09-07 14:32:53 -0300
Processing by EmployeesController#index as HTML
  [1m[35mEmployee Load (1.0ms)[0m  SELECT "employees".* FROM "employees" 
  Rendered employees/index.html.erb within layouts/application (14.0ms)
Completed 200 OK in 80ms (Views: 45.0ms | ActiveRecord: 1.0ms)


Started GET "/assets/jquery.js?body=1" for 0:0:0:0:0:0:0:1 at 2012-09-07 14:32:53 -0300
Served asset /jquery.js - 304 Not Modified (0ms)


Started GET "/assets/jquery_ujs.js?body=1" for 0:0:0:0:0:0:0:1 at 2012-09-07 14:32:53 -0300
Served asset /jquery_ujs.js - 304 Not Modified (0ms)


Started GET "/assets/employees.css?body=1" for 0:0:0:0:0:0:0:1 at 2012-09-07 14:32:53 -0300
Served asset /employees.css - 304 Not Modified (0ms)


Started GET "/assets/scaffolds.css?body=1" for 0:0:0:0:0:0:0:1 at 2012-09-07 14:32:53 -0300
Served asset /scaffolds.css - 304 Not Modified (1ms)


Started GET "/assets/employees.js?body=1" for 0:0:0:0:0:0:0:1 at 2012-09-07 14:32:53 -0300
Served asset /employees.js - 304 Not Modified (0ms)


Started GET "/assets/application.css?body=1" for 0:0:0:0:0:0:0:1 at 2012-09-07 14:32:53 -0300
Served asset /application.css - 304 Not Modified (2ms)


Started GET "/assets/application.js?body=1" for 0:0:0:0:0:0:0:1 at 2012-09-07 14:32:53 -0300
Served asset /application.js - 304 Not Modified (3ms)


Started DELETE "/employees/1" for 0:0:0:0:0:0:0:1 at 2012-09-07 14:32:56 -0300
Processing by EmployeesController#destroy as HTML
  Parameters: {"authenticity_token"=>"dEwEygP7ww4mdlBW1wtceH+TqIEVShcvO/1u1UiY+5k=", "id"=>"1"}
  [1m[36mEmployee Load (1.0ms)[0m  [1mSELECT "employees".* FROM "employees" WHERE "employees"."id" = 1 LIMIT 1[0m
  [1m[35mSQL (1.0ms)[0m  DELETE FROM "employees" WHERE "employees"."id" = 1
Redirected to http://localhost:3000/employees
Completed 302 Found in 105ms (ActiveRecord: 2.0ms)


Started GET "/employees" for 0:0:0:0:0:0:0:1 at 2012-09-07 14:32:56 -0300
Processing by EmployeesController#index as HTML
  [1m[36mEmployee Load (1.0ms)[0m  [1mSELECT "employees".* FROM "employees" [0m
  Rendered employees/index.html.erb within layouts/application (4.0ms)
Completed 200 OK in 30ms (Views: 27.0ms | ActiveRecord: 1.0ms)


Started GET "/assets/application.css?body=1" for 0:0:0:0:0:0:0:1 at 2012-09-07 14:32:57 -0300
Served asset /application.css - 304 Not Modified (0ms)


Started GET "/assets/employees.js?body=1" for 0:0:0:0:0:0:0:1 at 2012-09-07 14:32:57 -0300
Served asset /employees.js - 304 Not Modified (1ms)


Started GET "/assets/jquery.js?body=1" for 0:0:0:0:0:0:0:1 at 2012-09-07 14:32:57 -0300
Served asset /jquery.js - 304 Not Modified (0ms)


Started GET "/assets/employees.css?body=1" for 0:0:0:0:0:0:0:1 at 2012-09-07 14:32:57 -0300
Served asset /employees.css - 304 Not Modified (0ms)


Started GET "/assets/jquery_ujs.js?body=1" for 0:0:0:0:0:0:0:1 at 2012-09-07 14:32:57 -0300
Served asset /jquery_ujs.js - 304 Not Modified (0ms)


Started GET "/assets/scaffolds.css?body=1" for 0:0:0:0:0:0:0:1 at 2012-09-07 14:32:57 -0300
Served asset /scaffolds.css - 304 Not Modified (1ms)


Started GET "/assets/application.js?body=1" for 0:0:0:0:0:0:0:1 at 2012-09-07 14:32:57 -0300
Served asset /application.js - 304 Not Modified (2ms)


Started GET "/employees/new" for 0:0:0:0:0:0:0:1 at 2012-09-07 14:32:58 -0300
Processing by EmployeesController#new as HTML
  Rendered employees/_form.html.erb (33.0ms)
  Rendered employees/new.html.erb within layouts/application (37.0ms)
Completed 200 OK in 58ms (Views: 55.0ms | ActiveRecord: 0.0ms)


Started GET "/assets/application.css?body=1" for 0:0:0:0:0:0:0:1 at 2012-09-07 14:32:58 -0300
Served asset /application.css - 304 Not Modified (2ms)


Started GET "/assets/employees.js?body=1" for 0:0:0:0:0:0:0:1 at 2012-09-07 14:32:58 -0300
Served asset /employees.js - 304 Not Modified (0ms)


Started GET "/assets/employees.css?body=1" for 0:0:0:0:0:0:0:1 at 2012-09-07 14:32:58 -0300
Served asset /employees.css - 304 Not Modified (0ms)


Started GET "/assets/scaffolds.css?body=1" for 0:0:0:0:0:0:0:1 at 2012-09-07 14:32:58 -0300
Served asset /scaffolds.css - 304 Not Modified (0ms)


Started GET "/assets/jquery_ujs.js?body=1" for 0:0:0:0:0:0:0:1 at 2012-09-07 14:32:58 -0300
Served asset /jquery_ujs.js - 304 Not Modified (0ms)


Started GET "/assets/jquery.js?body=1" for 0:0:0:0:0:0:0:1 at 2012-09-07 14:32:58 -0300
Served asset /jquery.js - 304 Not Modified (1ms)


Started GET "/assets/application.js?body=1" for 0:0:0:0:0:0:0:1 at 2012-09-07 14:32:58 -0300
Served asset /application.js - 304 Not Modified (4ms)


Started POST "/employees" for 0:0:0:0:0:0:0:1 at 2012-09-07 14:33:01 -0300
Processing by EmployeesController#create as HTML
  Parameters: {"utf8"=>"✓", "authenticity_token"=>"dEwEygP7ww4mdlBW1wtceH+TqIEVShcvO/1u1UiY+5k=", "employee"=>{"name"=>"Test", "hire_date(1i)"=>"2012", "hire_date(2i)"=>"9", "hire_date(3i)"=>"7"}, "commit"=>"Create Employee"}
  [1m[35mSQL (3.0ms)[0m  INSERT INTO "employees" ("created_at", "hire_date", "name", "updated_at") VALUES ('2012-09-07 17:33:01.594000', '2012-09-07', 'Test', '2012-09-07 17:33:01.594000')
Redirected to http://localhost:3000/employees/2
Completed 302 Found in 155ms (ActiveRecord: 3.0ms)


Started GET "/employees/2" for 0:0:0:0:0:0:0:1 at 2012-09-07 14:33:01 -0300
Processing by EmployeesController#show as HTML
  Parameters: {"id"=>"2"}
  [1m[36mEmployee Load (1.0ms)[0m  [1mSELECT "employees".* FROM "employees" WHERE "employees"."id" = 2 LIMIT 1[0m
  Rendered employees/show.html.erb within layouts/application (5.0ms)
Completed 200 OK in 36ms (Views: 28.0ms | ActiveRecord: 1.0ms)


Started GET "/assets/application.css?body=1" for 0:0:0:0:0:0:0:1 at 2012-09-07 14:33:01 -0300
Served asset /application.css - 304 Not Modified (1ms)


Started GET "/assets/employees.js?body=1" for 0:0:0:0:0:0:0:1 at 2012-09-07 14:33:02 -0300
Served asset /employees.js - 304 Not Modified (0ms)


Started GET "/assets/jquery_ujs.js?body=1" for 0:0:0:0:0:0:0:1 at 2012-09-07 14:33:02 -0300
Served asset /jquery_ujs.js - 304 Not Modified (2ms)


Started GET "/assets/jquery.js?body=1" for 0:0:0:0:0:0:0:1 at 2012-09-07 14:33:02 -0300
Served asset /jquery.js - 304 Not Modified (0ms)


Started GET "/assets/scaffolds.css?body=1" for 0:0:0:0:0:0:0:1 at 2012-09-07 14:33:02 -0300
Served asset /scaffolds.css - 304 Not Modified (0ms)


Started GET "/assets/application.js?body=1" for 0:0:0:0:0:0:0:1 at 2012-09-07 14:33:02 -0300
Served asset /application.js - 304 Not Modified (0ms)


Started GET "/assets/employees.css?body=1" for 0:0:0:0:0:0:0:1 at 2012-09-07 14:33:02 -0300
Served asset /employees.css - 304 Not Modified (0ms)


Started GET "/employees" for 0:0:0:0:0:0:0:1 at 2012-09-07 14:33:05 -0300
Processing by EmployeesController#index as HTML
  [1m[35mEmployee Load (1.0ms)[0m  SELECT "employees".* FROM "employees" 
  Rendered employees/index.html.erb within layouts/application (5.0ms)
Completed 200 OK in 30ms (Views: 26.0ms | ActiveRecord: 1.0ms)


Started GET "/assets/application.css?body=1" for 0:0:0:0:0:0:0:1 at 2012-09-07 14:33:05 -0300
Served asset /application.css - 304 Not Modified (0ms)


Started GET "/assets/scaffolds.css?body=1" for 0:0:0:0:0:0:0:1 at 2012-09-07 14:33:05 -0300
Served asset /scaffolds.css - 304 Not Modified (0ms)


Started GET "/assets/employees.css?body=1" for 0:0:0:0:0:0:0:1 at 2012-09-07 14:33:05 -0300
Served asset /employees.css - 304 Not Modified (0ms)


Started GET "/assets/employees.js?body=1" for 0:0:0:0:0:0:0:1 at 2012-09-07 14:33:05 -0300
Served asset /employees.js - 304 Not Modified (0ms)


Started GET "/assets/jquery.js?body=1" for 0:0:0:0:0:0:0:1 at 2012-09-07 14:33:05 -0300
Served asset /jquery.js - 304 Not Modified (0ms)


Started GET "/assets/jquery_ujs.js?body=1" for 0:0:0:0:0:0:0:1 at 2012-09-07 14:33:05 -0300
Served asset /jquery_ujs.js - 304 Not Modified (1ms)


Started GET "/assets/application.js?body=1" for 0:0:0:0:0:0:0:1 at 2012-09-07 14:33:05 -0300
Served asset /application.js - 304 Not Modified (2ms)


Started GET "/employees/2" for 0:0:0:0:0:0:0:1 at 2012-09-07 14:33:10 -0300
Processing by EmployeesController#show as HTML
  Parameters: {"id"=>"2"}
  [1m[36mEmployee Load (1.0ms)[0m  [1mSELECT "employees".* FROM "employees" WHERE "employees"."id" = 2 LIMIT 1[0m
  Rendered employees/show.html.erb within layouts/application (4.0ms)
Completed 200 OK in 28ms (Views: 22.0ms | ActiveRecord: 1.0ms)


Started GET "/assets/application.css?body=1" for 0:0:0:0:0:0:0:1 at 2012-09-07 14:33:11 -0300
Served asset /application.css - 304 Not Modified (1ms)


Started GET "/assets/jquery.js?body=1" for 0:0:0:0:0:0:0:1 at 2012-09-07 14:33:11 -0300
Served asset /jquery.js - 304 Not Modified (0ms)


Started GET "/assets/scaffolds.css?body=1" for 0:0:0:0:0:0:0:1 at 2012-09-07 14:33:11 -0300
Served asset /scaffolds.css - 304 Not Modified (0ms)


Started GET "/assets/employees.css?body=1" for 0:0:0:0:0:0:0:1 at 2012-09-07 14:33:11 -0300
Served asset /employees.css - 304 Not Modified (0ms)


Started GET "/assets/employees.js?body=1" for 0:0:0:0:0:0:0:1 at 2012-09-07 14:33:11 -0300
Served asset /employees.js - 304 Not Modified (0ms)


Started GET "/assets/jquery_ujs.js?body=1" for 0:0:0:0:0:0:0:1 at 2012-09-07 14:33:11 -0300
Served asset /jquery_ujs.js - 304 Not Modified (0ms)


Started GET "/assets/application.js?body=1" for 0:0:0:0:0:0:0:1 at 2012-09-07 14:33:11 -0300
Served asset /application.js - 304 Not Modified (2ms)


Started GET "/employees" for 0:0:0:0:0:0:0:1 at 2012-09-07 14:33:13 -0300
Processing by EmployeesController#index as HTML
  [1m[35mEmployee Load (0.0ms)[0m  SELECT "employees".* FROM "employees" 
  Rendered employees/index.html.erb within layouts/application (8.0ms)
Completed 200 OK in 30ms (Views: 26.0ms | ActiveRecord: 0.0ms)


Started GET "/assets/employees.js?body=1" for 0:0:0:0:0:0:0:1 at 2012-09-07 14:33:13 -0300
Served asset /employees.js - 304 Not Modified (0ms)


Started GET "/assets/application.css?body=1" for 0:0:0:0:0:0:0:1 at 2012-09-07 14:33:13 -0300
Served asset /application.css - 304 Not Modified (0ms)


Started GET "/assets/jquery.js?body=1" for 0:0:0:0:0:0:0:1 at 2012-09-07 14:33:13 -0300
Served asset /jquery.js - 304 Not Modified (0ms)


Started GET "/assets/scaffolds.css?body=1" for 0:0:0:0:0:0:0:1 at 2012-09-07 14:33:13 -0300
Served asset /scaffolds.css - 304 Not Modified (0ms)


Started GET "/assets/employees.css?body=1" for 0:0:0:0:0:0:0:1 at 2012-09-07 14:33:13 -0300
Served asset /employees.css - 304 Not Modified (0ms)


Started GET "/assets/jquery_ujs.js?body=1" for 0:0:0:0:0:0:0:1 at 2012-09-07 14:33:13 -0300
Served asset /jquery_ujs.js - 304 Not Modified (0ms)


Started GET "/assets/application.js?body=1" for 0:0:0:0:0:0:0:1 at 2012-09-07 14:33:13 -0300
Served asset /application.js - 304 Not Modified (6ms)


Started GET "/employees/new" for 0:0:0:0:0:0:0:1 at 2012-09-07 14:33:16 -0300
Processing by EmployeesController#new as HTML
  Rendered employees/_form.html.erb (20.0ms)
  Rendered employees/new.html.erb within layouts/application (27.0ms)
Completed 200 OK in 45ms (Views: 44.0ms | ActiveRecord: 0.0ms)


Started GET "/assets/employees.js?body=1" for 0:0:0:0:0:0:0:1 at 2012-09-07 14:33:16 -0300
Served asset /employees.js - 304 Not Modified (0ms)


Started GET "/assets/employees.css?body=1" for 0:0:0:0:0:0:0:1 at 2012-09-07 14:33:16 -0300
Served asset /employees.css - 304 Not Modified (1ms)


Started GET "/assets/application.css?body=1" for 0:0:0:0:0:0:0:1 at 2012-09-07 14:33:16 -0300
Served asset /application.css - 304 Not Modified (1ms)


Started GET "/assets/scaffolds.css?body=1" for 0:0:0:0:0:0:0:1 at 2012-09-07 14:33:16 -0300
Served asset /scaffolds.css - 304 Not Modified (1ms)


Started GET "/assets/jquery.js?body=1" for 0:0:0:0:0:0:0:1 at 2012-09-07 14:33:16 -0300
Served asset /jquery.js - 304 Not Modified (0ms)


Started GET "/assets/jquery_ujs.js?body=1" for 0:0:0:0:0:0:0:1 at 2012-09-07 14:33:16 -0300
Served asset /jquery_ujs.js - 304 Not Modified (0ms)


Started GET "/assets/application.js?body=1" for 0:0:0:0:0:0:0:1 at 2012-09-07 14:33:16 -0300
Served asset /application.js - 304 Not Modified (0ms)


Started GET "/employees" for 0:0:0:0:0:0:0:1 at 2012-09-07 14:33:18 -0300
Processing by EmployeesController#index as HTML
  [1m[36mEmployee Load (0.0ms)[0m  [1mSELECT "employees".* FROM "employees" [0m
  Rendered employees/index.html.erb within layouts/application (5.0ms)
Completed 200 OK in 29ms (Views: 26.0ms | ActiveRecord: 0.0ms)


Started GET "/assets/employees.js?body=1" for 0:0:0:0:0:0:0:1 at 2012-09-07 14:33:18 -0300
Served asset /employees.js - 304 Not Modified (0ms)


Started GET "/assets/scaffolds.css?body=1" for 0:0:0:0:0:0:0:1 at 2012-09-07 14:33:18 -0300
Served asset /scaffolds.css - 304 Not Modified (1ms)


Started GET "/assets/jquery_ujs.js?body=1" for 0:0:0:0:0:0:0:1 at 2012-09-07 14:33:18 -0300
Served asset /jquery_ujs.js - 304 Not Modified (0ms)


Started GET "/assets/application.css?body=1" for 0:0:0:0:0:0:0:1 at 2012-09-07 14:33:18 -0300
Served asset /application.css - 304 Not Modified (0ms)


Started GET "/assets/employees.css?body=1" for 0:0:0:0:0:0:0:1 at 2012-09-07 14:33:18 -0300
Served asset /employees.css - 304 Not Modified (1ms)


Started GET "/assets/jquery.js?body=1" for 0:0:0:0:0:0:0:1 at 2012-09-07 14:33:18 -0300
Served asset /jquery.js - 304 Not Modified (0ms)


Started GET "/assets/application.js?body=1" for 0:0:0:0:0:0:0:1 at 2012-09-07 14:33:18 -0300
Served asset /application.js - 304 Not Modified (2ms)


Started GET "/employees/2/edit" for 0:0:0:0:0:0:0:1 at 2012-09-07 14:39:55 -0300
Processing by EmployeesController#edit as HTML
  Parameters: {"id"=>"2"}
  [1m[35mEmployee Load (0.0ms)[0m  SELECT "employees".* FROM "employees" WHERE "employees"."id" = 2 LIMIT 1
  Rendered employees/_form.html.erb (32.0ms)
  Rendered employees/edit.html.erb within layouts/application (38.0ms)
Completed 200 OK in 90ms (Views: 64.0ms | ActiveRecord: 1.0ms)


Started GET "/assets/application.css?body=1" for 0:0:0:0:0:0:0:1 at 2012-09-07 14:39:55 -0300
Served asset /application.css - 304 Not Modified (2ms)


Started GET "/assets/employees.css?body=1" for 0:0:0:0:0:0:0:1 at 2012-09-07 14:39:55 -0300
Served asset /employees.css - 304 Not Modified (0ms)


Started GET "/assets/jquery.js?body=1" for 0:0:0:0:0:0:0:1 at 2012-09-07 14:39:55 -0300
Served asset /jquery.js - 304 Not Modified (1ms)


Started GET "/assets/scaffolds.css?body=1" for 0:0:0:0:0:0:0:1 at 2012-09-07 14:39:55 -0300
Served asset /scaffolds.css - 304 Not Modified (1ms)


Started GET "/assets/application.js?body=1" for 0:0:0:0:0:0:0:1 at 2012-09-07 14:39:55 -0300
Served asset /application.js - 304 Not Modified (1ms)


Started GET "/assets/jquery_ujs.js?body=1" for 0:0:0:0:0:0:0:1 at 2012-09-07 14:39:55 -0300
Served asset /jquery_ujs.js - 304 Not Modified (1ms)


Started GET "/assets/employees.js?body=1" for 0:0:0:0:0:0:0:1 at 2012-09-07 14:39:55 -0300
Served asset /employees.js - 304 Not Modified (1ms)


Started PUT "/employees/2" for 0:0:0:0:0:0:0:1 at 2012-09-07 14:39:57 -0300
Processing by EmployeesController#update as HTML
  Parameters: {"utf8"=>"✓", "authenticity_token"=>"dEwEygP7ww4mdlBW1wtceH+TqIEVShcvO/1u1UiY+5k=", "employee"=>{"name"=>"", "hire_date(1i)"=>"2012", "hire_date(2i)"=>"9", "hire_date(3i)"=>"7"}, "commit"=>"Update Employee", "id"=>"2"}
  [1m[36mEmployee Load (1.0ms)[0m  [1mSELECT "employees".* FROM "employees" WHERE "employees"."id" = 2 LIMIT 1[0m
  Rendered employees/_form.html.erb (28.0ms)
  Rendered employees/edit.html.erb within layouts/application (32.0ms)
Completed 200 OK in 74ms (Views: 52.0ms | ActiveRecord: 1.0ms)


Started GET "/assets/application.css?body=1" for 0:0:0:0:0:0:0:1 at 2012-09-07 14:39:57 -0300
Served asset /application.css - 304 Not Modified (0ms)


Started GET "/assets/employees.css?body=1" for 0:0:0:0:0:0:0:1 at 2012-09-07 14:39:57 -0300
Served asset /employees.css - 304 Not Modified (0ms)


Started GET "/assets/scaffolds.css?body=1" for 0:0:0:0:0:0:0:1 at 2012-09-07 14:39:57 -0300
Served asset /scaffolds.css - 304 Not Modified (0ms)


Started GET "/assets/jquery.js?body=1" for 0:0:0:0:0:0:0:1 at 2012-09-07 14:39:57 -0300
Served asset /jquery.js - 304 Not Modified (0ms)


Started GET "/assets/jquery_ujs.js?body=1" for 0:0:0:0:0:0:0:1 at 2012-09-07 14:39:57 -0300
Served asset /jquery_ujs.js - 304 Not Modified (0ms)


Started GET "/assets/employees.js?body=1" for 0:0:0:0:0:0:0:1 at 2012-09-07 14:39:57 -0300
Served asset /employees.js - 304 Not Modified (0ms)


Started GET "/assets/application.js?body=1" for 0:0:0:0:0:0:0:1 at 2012-09-07 14:39:57 -0300
Served asset /application.js - 304 Not Modified (1ms)


Started PUT "/employees/2" for 0:0:0:0:0:0:0:1 at 2012-09-07 14:40:02 -0300
Processing by EmployeesController#update as HTML
  Parameters: {"utf8"=>"✓", "authenticity_token"=>"dEwEygP7ww4mdlBW1wtceH+TqIEVShcvO/1u1UiY+5k=", "employee"=>{"name"=>"Test", "hire_date(1i)"=>"2012", "hire_date(2i)"=>"9", "hire_date(3i)"=>"7"}, "commit"=>"Update Employee", "id"=>"2"}
  [1m[35mEmployee Load (1.0ms)[0m  SELECT "employees".* FROM "employees" WHERE "employees"."id" = 2 LIMIT 1
Redirected to http://localhost:3000/employees/2
Completed 302 Found in 10ms (ActiveRecord: 1.0ms)


Started GET "/employees/2" for 0:0:0:0:0:0:0:1 at 2012-09-07 14:40:02 -0300
Processing by EmployeesController#show as HTML
  Parameters: {"id"=>"2"}
  [1m[36mEmployee Load (0.0ms)[0m  [1mSELECT "employees".* FROM "employees" WHERE "employees"."id" = 2 LIMIT 1[0m
  Rendered employees/show.html.erb within layouts/application (3.0ms)
Completed 200 OK in 51ms (Views: 46.0ms | ActiveRecord: 0.0ms)


Started GET "/assets/application.css?body=1" for 0:0:0:0:0:0:0:1 at 2012-09-07 14:40:02 -0300
Served asset /application.css - 304 Not Modified (2ms)


Started GET "/assets/scaffolds.css?body=1" for 0:0:0:0:0:0:0:1 at 2012-09-07 14:40:02 -0300
Served asset /scaffolds.css - 304 Not Modified (0ms)


Started GET "/assets/jquery_ujs.js?body=1" for 0:0:0:0:0:0:0:1 at 2012-09-07 14:40:02 -0300
Served asset /jquery_ujs.js - 304 Not Modified (0ms)


Started GET "/assets/jquery.js?body=1" for 0:0:0:0:0:0:0:1 at 2012-09-07 14:40:02 -0300
Served asset /jquery.js - 304 Not Modified (0ms)


Started GET "/assets/employees.css?body=1" for 0:0:0:0:0:0:0:1 at 2012-09-07 14:40:02 -0300
Served asset /employees.css - 304 Not Modified (0ms)


Started GET "/assets/employees.js?body=1" for 0:0:0:0:0:0:0:1 at 2012-09-07 14:40:02 -0300
Served asset /employees.js - 304 Not Modified (0ms)


Started GET "/assets/application.js?body=1" for 0:0:0:0:0:0:0:1 at 2012-09-07 14:40:02 -0300
Served asset /application.js - 304 Not Modified (1ms)


Started GET "/employees" for 0:0:0:0:0:0:0:1 at 2012-09-07 14:40:09 -0300
Processing by EmployeesController#index as HTML
  [1m[35mEmployee Load (1.0ms)[0m  SELECT "employees".* FROM "employees" 
  Rendered employees/index.html.erb within layouts/application (14.0ms)
Completed 200 OK in 55ms (Views: 50.0ms | ActiveRecord: 1.0ms)


Started GET "/assets/employees.css?body=1" for 0:0:0:0:0:0:0:1 at 2012-09-07 14:40:09 -0300
Served asset /employees.css - 304 Not Modified (0ms)


Started GET "/assets/application.css?body=1" for 0:0:0:0:0:0:0:1 at 2012-09-07 14:40:09 -0300
Served asset /application.css - 304 Not Modified (0ms)


Started GET "/assets/scaffolds.css?body=1" for 0:0:0:0:0:0:0:1 at 2012-09-07 14:40:09 -0300
Served asset /scaffolds.css - 304 Not Modified (0ms)


Started GET "/assets/jquery_ujs.js?body=1" for 0:0:0:0:0:0:0:1 at 2012-09-07 14:40:09 -0300
Served asset /jquery_ujs.js - 304 Not Modified (0ms)


Started GET "/assets/jquery.js?body=1" for 0:0:0:0:0:0:0:1 at 2012-09-07 14:40:09 -0300
Served asset /jquery.js - 304 Not Modified (0ms)


Started GET "/assets/employees.js?body=1" for 0:0:0:0:0:0:0:1 at 2012-09-07 14:40:09 -0300
Served asset /employees.js - 304 Not Modified (0ms)


Started GET "/assets/application.js?body=1" for 0:0:0:0:0:0:0:1 at 2012-09-07 14:40:09 -0300
Served asset /application.js - 304 Not Modified (1ms)


Started GET "/employees/new" for 0:0:0:0:0:0:0:1 at 2012-09-07 14:40:10 -0300
Processing by EmployeesController#new as HTML
  Rendered employees/_form.html.erb (41.0ms)
  Rendered employees/new.html.erb within layouts/application (44.0ms)
Completed 200 OK in 70ms (Views: 67.0ms | ActiveRecord: 0.0ms)


Started GET "/assets/application.css?body=1" for 0:0:0:0:0:0:0:1 at 2012-09-07 14:40:10 -0300
Served asset /application.css - 304 Not Modified (1ms)


Started GET "/assets/employees.css?body=1" for 0:0:0:0:0:0:0:1 at 2012-09-07 14:40:10 -0300
Served asset /employees.css - 304 Not Modified (0ms)


Started GET "/assets/scaffolds.css?body=1" for 0:0:0:0:0:0:0:1 at 2012-09-07 14:40:10 -0300
Served asset /scaffolds.css - 304 Not Modified (1ms)


Started GET "/assets/jquery_ujs.js?body=1" for 0:0:0:0:0:0:0:1 at 2012-09-07 14:40:10 -0300
Served asset /jquery_ujs.js - 304 Not Modified (0ms)


Started GET "/assets/jquery.js?body=1" for 0:0:0:0:0:0:0:1 at 2012-09-07 14:40:10 -0300
Served asset /jquery.js - 304 Not Modified (0ms)


Started GET "/assets/employees.js?body=1" for 0:0:0:0:0:0:0:1 at 2012-09-07 14:40:10 -0300
Served asset /employees.js - 304 Not Modified (0ms)


Started GET "/assets/application.js?body=1" for 0:0:0:0:0:0:0:1 at 2012-09-07 14:40:10 -0300
Served asset /application.js - 304 Not Modified (2ms)


Started POST "/employees" for 0:0:0:0:0:0:0:1 at 2012-09-07 14:40:11 -0300
Processing by EmployeesController#create as HTML
  Parameters: {"utf8"=>"✓", "authenticity_token"=>"dEwEygP7ww4mdlBW1wtceH+TqIEVShcvO/1u1UiY+5k=", "employee"=>{"name"=>"", "hire_date(1i)"=>"2012", "hire_date(2i)"=>"9", "hire_date(3i)"=>"7"}, "commit"=>"Create Employee"}
  Rendered employees/_form.html.erb (28.0ms)
  Rendered employees/new.html.erb within layouts/application (31.0ms)
Completed 200 OK in 57ms (Views: 47.0ms | ActiveRecord: 0.0ms)


Started GET "/assets/application.css?body=1" for 0:0:0:0:0:0:0:1 at 2012-09-07 14:40:11 -0300
Served asset /application.css - 304 Not Modified (0ms)


Started GET "/assets/scaffolds.css?body=1" for 0:0:0:0:0:0:0:1 at 2012-09-07 14:40:11 -0300
Served asset /scaffolds.css - 304 Not Modified (0ms)


Started GET "/assets/jquery.js?body=1" for 0:0:0:0:0:0:0:1 at 2012-09-07 14:40:11 -0300
Served asset /jquery.js - 304 Not Modified (0ms)


Started GET "/assets/employees.css?body=1" for 0:0:0:0:0:0:0:1 at 2012-09-07 14:40:11 -0300
Served asset /employees.css - 304 Not Modified (0ms)


Started GET "/assets/jquery_ujs.js?body=1" for 0:0:0:0:0:0:0:1 at 2012-09-07 14:40:11 -0300
Served asset /jquery_ujs.js - 304 Not Modified (0ms)


Started GET "/assets/application.js?body=1" for 0:0:0:0:0:0:0:1 at 2012-09-07 14:40:11 -0300
Served asset /application.js - 304 Not Modified (0ms)


Started GET "/assets/employees.js?body=1" for 0:0:0:0:0:0:0:1 at 2012-09-07 14:40:11 -0300
Served asset /employees.js - 304 Not Modified (0ms)


Started GET "/employees" for 0:0:0:0:0:0:0:1 at 2012-09-07 14:40:14 -0300
Processing by EmployeesController#index as HTML
  [1m[36mEmployee Load (1.0ms)[0m  [1mSELECT "employees".* FROM "employees" [0m
  Rendered employees/index.html.erb within layouts/application (10.0ms)
Completed 200 OK in 31ms (Views: 27.0ms | ActiveRecord: 1.0ms)


Started GET "/assets/employees.css?body=1" for 0:0:0:0:0:0:0:1 at 2012-09-07 14:40:14 -0300
Served asset /employees.css - 304 Not Modified (0ms)


Started GET "/assets/application.css?body=1" for 0:0:0:0:0:0:0:1 at 2012-09-07 14:40:14 -0300
Served asset /application.css - 304 Not Modified (0ms)


Started GET "/assets/jquery_ujs.js?body=1" for 0:0:0:0:0:0:0:1 at 2012-09-07 14:40:14 -0300
Served asset /jquery_ujs.js - 304 Not Modified (0ms)


Started GET "/assets/employees.js?body=1" for 0:0:0:0:0:0:0:1 at 2012-09-07 14:40:14 -0300
Served asset /employees.js - 304 Not Modified (0ms)


Started GET "/assets/scaffolds.css?body=1" for 0:0:0:0:0:0:0:1 at 2012-09-07 14:40:14 -0300
Served asset /scaffolds.css - 304 Not Modified (1ms)


Started GET "/assets/jquery.js?body=1" for 0:0:0:0:0:0:0:1 at 2012-09-07 14:40:14 -0300
Served asset /jquery.js - 304 Not Modified (1ms)


Started GET "/assets/application.js?body=1" for 0:0:0:0:0:0:0:1 at 2012-09-07 14:40:14 -0300
Served asset /application.js - 304 Not Modified (0ms)


Started GET "/employees/2/edit" for 0:0:0:0:0:0:0:1 at 2012-09-07 14:41:01 -0300
Processing by EmployeesController#edit as HTML
  Parameters: {"id"=>"2"}
  [1m[35mEmployee Load (0.0ms)[0m  SELECT "employees".* FROM "employees" WHERE "employees"."id" = 2 LIMIT 1
  Rendered employees/_form.html.erb (29.0ms)
  Rendered employees/edit.html.erb within layouts/application (34.0ms)
Completed 200 OK in 81ms (Views: 56.0ms | ActiveRecord: 0.0ms)


Started GET "/assets/jquery_ujs.js?body=1" for 0:0:0:0:0:0:0:1 at 2012-09-07 14:41:01 -0300
Served asset /jquery_ujs.js - 304 Not Modified (0ms)


Started GET "/assets/application.css?body=1" for 0:0:0:0:0:0:0:1 at 2012-09-07 14:41:02 -0300
Served asset /application.css - 304 Not Modified (3ms)


Started GET "/assets/employees.css?body=1" for 0:0:0:0:0:0:0:1 at 2012-09-07 14:41:02 -0300
Served asset /employees.css - 304 Not Modified (1ms)


Started GET "/assets/scaffolds.css?body=1" for 0:0:0:0:0:0:0:1 at 2012-09-07 14:41:02 -0300
Served asset /scaffolds.css - 304 Not Modified (0ms)


Started GET "/assets/jquery.js?body=1" for 0:0:0:0:0:0:0:1 at 2012-09-07 14:41:02 -0300
Served asset /jquery.js - 304 Not Modified (0ms)


Started GET "/assets/employees.js?body=1" for 0:0:0:0:0:0:0:1 at 2012-09-07 14:41:02 -0300
Served asset /employees.js - 304 Not Modified (0ms)


Started GET "/assets/application.js?body=1" for 0:0:0:0:0:0:0:1 at 2012-09-07 14:41:02 -0300
Served asset /application.js - 304 Not Modified (3ms)


Started PUT "/employees/2" for 0:0:0:0:0:0:0:1 at 2012-09-07 14:41:03 -0300
Processing by EmployeesController#update as HTML
  Parameters: {"utf8"=>"✓", "authenticity_token"=>"dEwEygP7ww4mdlBW1wtceH+TqIEVShcvO/1u1UiY+5k=", "employee"=>{"name"=>"te", "hire_date(1i)"=>"2012", "hire_date(2i)"=>"9", "hire_date(3i)"=>"7"}, "commit"=>"Update Employee", "id"=>"2"}
  [1m[36mEmployee Load (1.0ms)[0m  [1mSELECT "employees".* FROM "employees" WHERE "employees"."id" = 2 LIMIT 1[0m
  Rendered employees/_form.html.erb (27.0ms)
  Rendered employees/edit.html.erb within layouts/application (37.0ms)
Completed 200 OK in 83ms (Views: 58.0ms | ActiveRecord: 1.0ms)


Started GET "/assets/application.css?body=1" for 0:0:0:0:0:0:0:1 at 2012-09-07 14:41:03 -0300
Served asset /application.css - 304 Not Modified (1ms)


Started GET "/assets/jquery_ujs.js?body=1" for 0:0:0:0:0:0:0:1 at 2012-09-07 14:41:03 -0300
Served asset /jquery_ujs.js - 304 Not Modified (0ms)


Started GET "/assets/employees.js?body=1" for 0:0:0:0:0:0:0:1 at 2012-09-07 14:41:03 -0300
Served asset /employees.js - 304 Not Modified (0ms)


Started GET "/assets/jquery.js?body=1" for 0:0:0:0:0:0:0:1 at 2012-09-07 14:41:03 -0300
Served asset /jquery.js - 304 Not Modified (0ms)


Started GET "/assets/employees.css?body=1" for 0:0:0:0:0:0:0:1 at 2012-09-07 14:41:03 -0300
Served asset /employees.css - 304 Not Modified (2ms)


Started GET "/assets/application.js?body=1" for 0:0:0:0:0:0:0:1 at 2012-09-07 14:41:03 -0300
Served asset /application.js - 304 Not Modified (1ms)


Started GET "/assets/scaffolds.css?body=1" for 0:0:0:0:0:0:0:1 at 2012-09-07 14:41:03 -0300
Served asset /scaffolds.css - 304 Not Modified (1ms)


Started PUT "/employees/2" for 0:0:0:0:0:0:0:1 at 2012-09-07 14:41:10 -0300
Processing by EmployeesController#update as HTML
  Parameters: {"utf8"=>"✓", "authenticity_token"=>"dEwEygP7ww4mdlBW1wtceH+TqIEVShcvO/1u1UiY+5k=", "employee"=>{"name"=>"teteteasda23dasda2dasçlkdja0982jdaosjda982jdoiasjd9oa28jdaosijd", "hire_date(1i)"=>"2012", "hire_date(2i)"=>"9", "hire_date(3i)"=>"7"}, "commit"=>"Update Employee", "id"=>"2"}
  [1m[35mEmployee Load (0.0ms)[0m  SELECT "employees".* FROM "employees" WHERE "employees"."id" = 2 LIMIT 1
  Rendered employees/_form.html.erb (19.0ms)
  Rendered employees/edit.html.erb within layouts/application (25.0ms)
Completed 200 OK in 56ms (Views: 42.0ms | ActiveRecord: 0.0ms)


Started GET "/assets/application.css?body=1" for 0:0:0:0:0:0:0:1 at 2012-09-07 14:41:10 -0300
Served asset /application.css - 304 Not Modified (1ms)


Started GET "/assets/employees.css?body=1" for 0:0:0:0:0:0:0:1 at 2012-09-07 14:41:10 -0300
Served asset /employees.css - 304 Not Modified (0ms)


Started GET "/assets/employees.js?body=1" for 0:0:0:0:0:0:0:1 at 2012-09-07 14:41:10 -0300
Served asset /employees.js - 304 Not Modified (0ms)


Started GET "/assets/jquery.js?body=1" for 0:0:0:0:0:0:0:1 at 2012-09-07 14:41:10 -0300
Served asset /jquery.js - 304 Not Modified (0ms)


Started GET "/assets/application.js?body=1" for 0:0:0:0:0:0:0:1 at 2012-09-07 14:41:10 -0300
Served asset /application.js - 304 Not Modified (1ms)


Started GET "/assets/scaffolds.css?body=1" for 0:0:0:0:0:0:0:1 at 2012-09-07 14:41:10 -0300
Served asset /scaffolds.css - 304 Not Modified (0ms)


Started GET "/assets/jquery_ujs.js?body=1" for 0:0:0:0:0:0:0:1 at 2012-09-07 14:41:10 -0300
Served asset /jquery_ujs.js - 304 Not Modified (0ms)


Started GET "/employees" for 0:0:0:0:0:0:0:1 at 2012-09-07 14:41:16 -0300
Processing by EmployeesController#index as HTML
  [1m[36mEmployee Load (0.0ms)[0m  [1mSELECT "employees".* FROM "employees" [0m
  Rendered employees/index.html.erb within layouts/application (7.0ms)
Completed 200 OK in 30ms (Views: 24.0ms | ActiveRecord: 0.0ms)


Started GET "/assets/jquery_ujs.js?body=1" for 0:0:0:0:0:0:0:1 at 2012-09-07 14:41:16 -0300
Served asset /jquery_ujs.js - 304 Not Modified (1ms)


Started GET "/assets/employees.js?body=1" for 0:0:0:0:0:0:0:1 at 2012-09-07 14:41:16 -0300
Served asset /employees.js - 304 Not Modified (0ms)


Started GET "/assets/application.css?body=1" for 0:0:0:0:0:0:0:1 at 2012-09-07 14:41:16 -0300
Served asset /application.css - 304 Not Modified (0ms)


Started GET "/assets/employees.css?body=1" for 0:0:0:0:0:0:0:1 at 2012-09-07 14:41:16 -0300
Served asset /employees.css - 304 Not Modified (0ms)


Started GET "/assets/scaffolds.css?body=1" for 0:0:0:0:0:0:0:1 at 2012-09-07 14:41:16 -0300
Served asset /scaffolds.css - 304 Not Modified (0ms)


Started GET "/assets/jquery.js?body=1" for 0:0:0:0:0:0:0:1 at 2012-09-07 14:41:16 -0300
Served asset /jquery.js - 304 Not Modified (0ms)


Started GET "/assets/application.js?body=1" for 0:0:0:0:0:0:0:1 at 2012-09-07 14:41:16 -0300
Served asset /application.js - 304 Not Modified (0ms)


Started GET "/assets/rails.png" for 0:0:0:0:0:0:0:1 at 2012-09-07 14:58:28 -0300
Connecting to database specified by database.yml
Served asset /rails.png - 304 Not Modified (39ms)


Started GET "/employees" for 0:0:0:0:0:0:0:1 at 2012-09-07 14:58:32 -0300
Processing by EmployeesController#index as HTML
  [1m[36mEmployee Load (1.0ms)[0m  [1mSELECT "employees".* FROM "employees" [0m
  Rendered employees/index.html.erb within layouts/application (40.0ms)
Completed 200 OK in 433ms (Views: 259.0ms | ActiveRecord: 4.0ms)


Started GET "/assets/application.css?body=1" for 0:0:0:0:0:0:0:1 at 2012-09-07 14:58:32 -0300
Served asset /application.css - 304 Not Modified (68ms)


Started GET "/assets/scaffolds.css?body=1" for 0:0:0:0:0:0:0:1 at 2012-09-07 14:58:32 -0300
Served asset /scaffolds.css - 304 Not Modified (11ms)


Started GET "/assets/employees.js?body=1" for 0:0:0:0:0:0:0:1 at 2012-09-07 14:58:32 -0300
Served asset /employees.js - 304 Not Modified (11ms)


Started GET "/assets/employees.css?body=1" for 0:0:0:0:0:0:0:1 at 2012-09-07 14:58:32 -0300
Served asset /employees.css - 304 Not Modified (11ms)


Started GET "/assets/jquery_ujs.js?body=1" for 0:0:0:0:0:0:0:1 at 2012-09-07 14:58:33 -0300
Served asset /jquery_ujs.js - 304 Not Modified (23ms)


Started GET "/assets/jquery.js?body=1" for 0:0:0:0:0:0:0:1 at 2012-09-07 14:58:33 -0300
Served asset /jquery.js - 304 Not Modified (16ms)


Started GET "/assets/application.js?body=1" for 0:0:0:0:0:0:0:1 at 2012-09-07 14:58:33 -0300
Served asset /application.js - 304 Not Modified (38ms)
Connecting to database specified by database.yml
Connecting to database specified by database.yml
Connecting to database specified by database.yml
  [1m[36m (2.0ms)[0m  [1mSELECT "schema_migrations"."version" FROM "schema_migrations" [0m
  [1m[35m (0.0ms)[0m  SELECT "schema_migrations"."version" FROM "schema_migrations" 
  [1m[36m (0.0ms)[0m  [1mSELECT "schema_migrations"."version" FROM "schema_migrations" [0m
Migrating to CreateEmployees (20120907171320)
  [1m[35m (4.0ms)[0m  DROP TABLE "employees"
  [1m[36m (1.0ms)[0m  [1mDELETE FROM "schema_migrations" WHERE "schema_migrations"."version" = '20120907171320'[0m
  [1m[35m (1.0ms)[0m  SELECT "schema_migrations"."version" FROM "schema_migrations" 
  [1m[36m (0.0ms)[0m  [1m SELECT name
 FROM sqlite_master
 WHERE type = 'table' AND NOT name = 'sqlite_sequence'
[0m
Connecting to database specified by database.yml
Connecting to database specified by database.yml
Connecting to database specified by database.yml
  [1m[36m (2.0ms)[0m  [1mSELECT "schema_migrations"."version" FROM "schema_migrations" [0m
Migrating to CreateConcursos (20120920001127)
Connecting to database specified by database.yml
  [1m[36m (1.0ms)[0m  [1mSELECT "schema_migrations"."version" FROM "schema_migrations" [0m
  [1m[35m (0.0ms)[0m  SELECT "schema_migrations"."version" FROM "schema_migrations" 
  [1m[36m (0.0ms)[0m  [1m SELECT name
 FROM sqlite_master
 WHERE type = 'table' AND NOT name = 'sqlite_sequence'
[0m
Connecting to database specified by database.yml


Started GET "/assets/rails.png" for 0:0:0:0:0:0:0:1 at 2012-09-19 22:13:41 -0300
Connecting to database specified by database.yml
Served asset /rails.png - 200 OK (88ms)


Started GET "/concursos" for 0:0:0:0:0:0:0:1 at 2012-09-19 22:17:34 -0300
Processing by ConcursosController#index as HTML
ActiveRecord::JDBCError: query does not return ResultSet: PRAGMA table_info("concursos")
Completed 500 Internal Server Error in 174ms

ActiveRecord::StatementInvalid (ActiveRecord::JDBCError: query does not return ResultSet: PRAGMA table_info("concursos")):
  app/controllers/concursos_controller.rb:5:in `index'


  Rendered c:/jruby-1.7.0.preview2/lib/ruby/gems/shared/gems/actionpack-3.2.8/lib/action_dispatch/middleware/templates/rescues/_trace.erb (6.0ms)
  Rendered c:/jruby-1.7.0.preview2/lib/ruby/gems/shared/gems/actionpack-3.2.8/lib/action_dispatch/middleware/templates/rescues/_request_and_response.erb (5.0ms)
  Rendered c:/jruby-1.7.0.preview2/lib/ruby/gems/shared/gems/actionpack-3.2.8/lib/action_dispatch/middleware/templates/rescues/diagnostics.erb within rescues/layout (61.0ms)
Connecting to database specified by database.yml
  [1m[36m (1.0ms)[0m  [1mSELECT "schema_migrations"."version" FROM "schema_migrations" [0m
Migrating to CreateConcursos (20120920002135)
  [1m[35m (1.0ms)[0m  CREATE TABLE "concursos" ("id" integer primary key autoincrement not null, "nome" varchar(255), "inicio" datetime, "fim" datetime, "ganhador_id" integer, "contratante_id" integer, "premio" float, "created_at" datetime NOT NULL, "updated_at" datetime NOT NULL) 
  [1m[36m (1.0ms)[0m  [1mINSERT INTO "schema_migrations" ("version") VALUES ('20120920002135')[0m
  [1m[35m (0.0ms)[0m  SELECT "schema_migrations"."version" FROM "schema_migrations" 
  [1m[36m (1.0ms)[0m  [1m SELECT name
 FROM sqlite_master
 WHERE type = 'table' AND NOT name = 'sqlite_sequence'
[0m
  [1m[35m (0.0ms)[0m  SELECT name, sql FROM sqlite_master WHERE tbl_name = "concursos" AND type = 'index'


Started GET "/concursos" for 0:0:0:0:0:0:0:1 at 2012-09-19 22:18:00 -0300
Processing by ConcursosController#index as HTML
ActiveRecord::JDBCError: query does not return ResultSet: PRAGMA table_info("concursos")
Completed 500 Internal Server Error in 18ms

ActiveRecord::StatementInvalid (ActiveRecord::JDBCError: query does not return ResultSet: PRAGMA table_info("concursos")):
  app/controllers/concursos_controller.rb:5:in `index'


  Rendered c:/jruby-1.7.0.preview2/lib/ruby/gems/shared/gems/actionpack-3.2.8/lib/action_dispatch/middleware/templates/rescues/_trace.erb (7.0ms)
  Rendered c:/jruby-1.7.0.preview2/lib/ruby/gems/shared/gems/actionpack-3.2.8/lib/action_dispatch/middleware/templates/rescues/_request_and_response.erb (4.0ms)
  Rendered c:/jruby-1.7.0.preview2/lib/ruby/gems/shared/gems/actionpack-3.2.8/lib/action_dispatch/middleware/templates/rescues/diagnostics.erb within rescues/layout (40.0ms)


Started GET "/concursos" for 0:0:0:0:0:0:0:1 at 2012-09-19 22:18:03 -0300
Processing by ConcursosController#index as HTML
ActiveRecord::JDBCError: query does not return ResultSet: PRAGMA table_info("concursos")
Completed 500 Internal Server Error in 10ms

ActiveRecord::StatementInvalid (ActiveRecord::JDBCError: query does not return ResultSet: PRAGMA table_info("concursos")):
  app/controllers/concursos_controller.rb:5:in `index'


  Rendered c:/jruby-1.7.0.preview2/lib/ruby/gems/shared/gems/actionpack-3.2.8/lib/action_dispatch/middleware/templates/rescues/_trace.erb (6.0ms)
  Rendered c:/jruby-1.7.0.preview2/lib/ruby/gems/shared/gems/actionpack-3.2.8/lib/action_dispatch/middleware/templates/rescues/_request_and_response.erb (5.0ms)
  Rendered c:/jruby-1.7.0.preview2/lib/ruby/gems/shared/gems/actionpack-3.2.8/lib/action_dispatch/middleware/templates/rescues/diagnostics.erb within rescues/layout (34.0ms)


Started GET "/concursos" for 0:0:0:0:0:0:0:1 at 2012-09-19 22:19:06 -0300
Connecting to database specified by database.yml
Processing by ConcursosController#index as HTML
  [1m[36mConcurso Load (2.0ms)[0m  [1mSELECT "concursos".* FROM "concursos" [0m
  Rendered concursos/index.html.erb within layouts/application (17.0ms)
Compiled concursos.css  (65ms)  (pid 4944)
Compiled application.css  (154ms)  (pid 4944)
Compiled concursos.js  (2704ms)  (pid 4944)
Compiled application.js  (2853ms)  (pid 4944)
Completed 200 OK in 4043ms (Views: 3943.0ms | ActiveRecord: 6.0ms)


Started GET "/concursos" for 0:0:0:0:0:0:0:1 at 2012-09-19 22:19:12 -0300
Processing by ConcursosController#index as HTML
  [1m[35mConcurso Load (1.0ms)[0m  SELECT "concursos".* FROM "concursos" 
  Rendered concursos/index.html.erb within layouts/application (2.0ms)
Completed 200 OK in 90ms (Views: 85.0ms | ActiveRecord: 1.0ms)


Started GET "/concursos" for 0:0:0:0:0:0:0:1 at 2012-09-19 22:19:13 -0300
Processing by ConcursosController#index as HTML
  [1m[36mConcurso Load (1.0ms)[0m  [1mSELECT "concursos".* FROM "concursos" [0m
  Rendered concursos/index.html.erb within layouts/application (4.0ms)
Completed 200 OK in 53ms (Views: 46.0ms | ActiveRecord: 1.0ms)


Started GET "/assets/application.css?body=1" for 0:0:0:0:0:0:0:1 at 2012-09-19 22:19:13 -0300
Served asset /application.css - 200 OK (41ms)


Started GET "/assets/application.js?body=1" for 0:0:0:0:0:0:0:1 at 2012-09-19 22:19:13 -0300
Served asset /application.js - 200 OK (314ms)


Started GET "/assets/concursos.css?body=1" for 0:0:0:0:0:0:0:1 at 2012-09-19 22:19:14 -0300
Served asset /concursos.css - 200 OK (15ms)


Started GET "/assets/jquery_ujs.js?body=1" for 0:0:0:0:0:0:0:1 at 2012-09-19 22:19:14 -0300
Served asset /jquery_ujs.js - 200 OK (29ms)


Started GET "/assets/scaffolds.css?body=1" for 0:0:0:0:0:0:0:1 at 2012-09-19 22:19:14 -0300
Served asset /scaffolds.css - 200 OK (13ms)


Started GET "/assets/jquery.js?body=1" for 0:0:0:0:0:0:0:1 at 2012-09-19 22:19:14 -0300
Served asset /jquery.js - 200 OK (19ms)


Started GET "/assets/concursos.js?body=1" for 0:0:0:0:0:0:0:1 at 2012-09-19 22:19:14 -0300
Served asset /concursos.js - 200 OK (16ms)


Started GET "/concursos/new" for 0:0:0:0:0:0:0:1 at 2012-09-19 22:19:16 -0300
Processing by ConcursosController#new as HTML
  Rendered concursos/_form.html.erb (379.0ms)
  Rendered concursos/new.html.erb within layouts/application (743.0ms)
Completed 200 OK in 843ms (Views: 778.0ms | ActiveRecord: 0.0ms)


Started POST "/concursos" for 0:0:0:0:0:0:0:1 at 2012-09-19 22:19:31 -0300
Processing by ConcursosController#create as HTML
  Parameters: {"utf8"=>"✓", "authenticity_token"=>"ojmbF096nq7jkR2fyhofcxuDD/W1B827y/zo2dywHe8=", "concurso"=>{"nome"=>"Teste", "inicio(1i)"=>"2012", "inicio(2i)"=>"9", "inicio(3i)"=>"20", "inicio(4i)"=>"01", "inicio(5i)"=>"19", "fim(1i)"=>"2012", "fim(2i)"=>"9", "fim(3i)"=>"20", "fim(4i)"=>"01", "fim(5i)"=>"19", "ganhador_id"=>"0", "contratante_id"=>"0", "premio"=>"123"}, "commit"=>"Create Concurso"}
  [1m[35mConcurso Exists (1.0ms)[0m  SELECT 1 AS one FROM "concursos" WHERE "concursos"."nome" = 'Teste' LIMIT 1
Completed 500 Internal Server Error in 185ms

NoMethodError (undefined method `Data final deve ser maior do que a data inicial' for #<Concurso:0x4a931343>):
  app/models/concurso.rb:6:in `validate_each'
  app/controllers/concursos_controller.rb:46:in `create'
  app/controllers/concursos_controller.rb:45:in `create'


  Rendered c:/jruby-1.7.0.preview2/lib/ruby/gems/shared/gems/actionpack-3.2.8/lib/action_dispatch/middleware/templates/rescues/_trace.erb (6.0ms)
  Rendered c:/jruby-1.7.0.preview2/lib/ruby/gems/shared/gems/actionpack-3.2.8/lib/action_dispatch/middleware/templates/rescues/_request_and_response.erb (6.0ms)
  Rendered c:/jruby-1.7.0.preview2/lib/ruby/gems/shared/gems/actionpack-3.2.8/lib/action_dispatch/middleware/templates/rescues/diagnostics.erb within rescues/layout (35.0ms)


Started GET "/concursos" for 0:0:0:0:0:0:0:1 at 2012-09-19 22:20:04 -0300
Processing by ConcursosController#index as HTML
  [1m[36mConcurso Load (0.0ms)[0m  [1mSELECT "concursos".* FROM "concursos" [0m
  Rendered concursos/index.html.erb within layouts/application (4.0ms)
Completed 200 OK in 120ms (Views: 50.0ms | ActiveRecord: 3.0ms)


Started GET "/concursos/new" for 0:0:0:0:0:0:0:1 at 2012-09-19 22:20:05 -0300
Processing by ConcursosController#new as HTML
  Rendered concursos/_form.html.erb (148.0ms)
  Rendered concursos/new.html.erb within layouts/application (152.0ms)
Completed 200 OK in 207ms (Views: 173.0ms | ActiveRecord: 0.0ms)


Started POST "/concursos" for 0:0:0:0:0:0:0:1 at 2012-09-19 22:20:08 -0300
Processing by ConcursosController#create as HTML
  Parameters: {"utf8"=>"✓", "authenticity_token"=>"ojmbF096nq7jkR2fyhofcxuDD/W1B827y/zo2dywHe8=", "concurso"=>{"nome"=>"Teste", "inicio(1i)"=>"2012", "inicio(2i)"=>"9", "inicio(3i)"=>"20", "inicio(4i)"=>"01", "inicio(5i)"=>"20", "fim(1i)"=>"2012", "fim(2i)"=>"9", "fim(3i)"=>"20", "fim(4i)"=>"01", "fim(5i)"=>"20", "ganhador_id"=>"", "contratante_id"=>"", "premio"=>""}, "commit"=>"Create Concurso"}
  [1m[35mConcurso Exists (0.0ms)[0m  SELECT 1 AS one FROM "concursos" WHERE "concursos"."nome" = 'Teste' LIMIT 1
  Rendered concursos/_form.html.erb (73.0ms)
  Rendered concursos/new.html.erb within layouts/application (77.0ms)
Completed 200 OK in 121ms (Views: 98.0ms | ActiveRecord: 0.0ms)


Started POST "/concursos" for 0:0:0:0:0:0:0:1 at 2012-09-19 22:20:37 -0300

SyntaxError (E:/Documents/Dropbox/Ruby Projects/CrowdSINOS/app/models/concurso.rb:6: invalid multibyte char (US-ASCII)):
  app/controllers/concursos_controller.rb:1:in `(root)'


  Rendered c:/jruby-1.7.0.preview2/lib/ruby/gems/shared/gems/actionpack-3.2.8/lib/action_dispatch/middleware/templates/rescues/_trace.erb (4.0ms)
  Rendered c:/jruby-1.7.0.preview2/lib/ruby/gems/shared/gems/actionpack-3.2.8/lib/action_dispatch/middleware/templates/rescues/_request_and_response.erb (4.0ms)
  Rendered c:/jruby-1.7.0.preview2/lib/ruby/gems/shared/gems/actionpack-3.2.8/lib/action_dispatch/middleware/templates/rescues/diagnostics.erb within rescues/layout (34.0ms)


Started GET "/concursos" for 0:0:0:0:0:0:0:1 at 2012-09-19 22:20:47 -0300
Processing by ConcursosController#index as HTML
  [1m[36mConcurso Load (1.0ms)[0m  [1mSELECT "concursos".* FROM "concursos" [0m
  Rendered concursos/index.html.erb within layouts/application (2.0ms)
Completed 200 OK in 40ms (Views: 25.0ms | ActiveRecord: 1.0ms)


Started GET "/concursos/new" for 0:0:0:0:0:0:0:1 at 2012-09-19 22:20:49 -0300
Processing by ConcursosController#new as HTML
  Rendered concursos/_form.html.erb (85.0ms)
  Rendered concursos/new.html.erb within layouts/application (89.0ms)
Completed 200 OK in 137ms (Views: 112.0ms | ActiveRecord: 0.0ms)


Started POST "/concursos" for 0:0:0:0:0:0:0:1 at 2012-09-19 22:20:51 -0300
Processing by ConcursosController#create as HTML
  Parameters: {"utf8"=>"✓", "authenticity_token"=>"ojmbF096nq7jkR2fyhofcxuDD/W1B827y/zo2dywHe8=", "concurso"=>{"nome"=>"Teste", "inicio(1i)"=>"2012", "inicio(2i)"=>"9", "inicio(3i)"=>"20", "inicio(4i)"=>"01", "inicio(5i)"=>"20", "fim(1i)"=>"2012", "fim(2i)"=>"9", "fim(3i)"=>"20", "fim(4i)"=>"01", "fim(5i)"=>"20", "ganhador_id"=>"", "contratante_id"=>"", "premio"=>""}, "commit"=>"Create Concurso"}
  [1m[35mConcurso Exists (0.0ms)[0m  SELECT 1 AS one FROM "concursos" WHERE "concursos"."nome" = 'Teste' LIMIT 1
  Rendered concursos/_form.html.erb (96.0ms)
  Rendered concursos/new.html.erb within layouts/application (98.0ms)
Completed 200 OK in 142ms (Views: 118.0ms | ActiveRecord: 0.0ms)


Started POST "/concursos" for 0:0:0:0:0:0:0:1 at 2012-09-19 22:25:19 -0300
Processing by ConcursosController#create as HTML
  Parameters: {"utf8"=>"✓", "authenticity_token"=>"ojmbF096nq7jkR2fyhofcxuDD/W1B827y/zo2dywHe8=", "concurso"=>{"nome"=>"Teste", "inicio(1i)"=>"2012", "inicio(2i)"=>"9", "inicio(3i)"=>"20", "inicio(4i)"=>"01", "inicio(5i)"=>"20", "fim(1i)"=>"2012", "fim(2i)"=>"9", "fim(3i)"=>"20", "fim(4i)"=>"01", "fim(5i)"=>"20", "ganhador_id"=>"", "contratante_id"=>"", "premio"=>""}, "commit"=>"Create Concurso"}
  [1m[36mConcurso Exists (1.0ms)[0m  [1mSELECT 1 AS one FROM "concursos" WHERE "concursos"."nome" = 'Teste' LIMIT 1[0m
  Rendered concursos/_form.html.erb (101.0ms)
  Rendered concursos/new.html.erb within layouts/application (105.0ms)
Completed 200 OK in 212ms (Views: 135.0ms | ActiveRecord: 2.0ms)


Started POST "/concursos" for 0:0:0:0:0:0:0:1 at 2012-09-19 22:25:27 -0300
Processing by ConcursosController#create as HTML
  Parameters: {"utf8"=>"✓", "authenticity_token"=>"ojmbF096nq7jkR2fyhofcxuDD/W1B827y/zo2dywHe8=", "concurso"=>{"nome"=>"Teste", "inicio(1i)"=>"2012", "inicio(2i)"=>"9", "inicio(3i)"=>"20", "inicio(4i)"=>"01", "inicio(5i)"=>"20", "fim(1i)"=>"2012", "fim(2i)"=>"9", "fim(3i)"=>"20", "fim(4i)"=>"01", "fim(5i)"=>"20", "ganhador_id"=>"", "contratante_id"=>"0", "premio"=>""}, "commit"=>"Create Concurso"}
  [1m[35mConcurso Exists (0.0ms)[0m  SELECT 1 AS one FROM "concursos" WHERE "concursos"."nome" = 'Teste' LIMIT 1
  Rendered concursos/_form.html.erb (79.0ms)
  Rendered concursos/new.html.erb within layouts/application (83.0ms)
Completed 200 OK in 119ms (Views: 105.0ms | ActiveRecord: 0.0ms)


Started POST "/concursos" for 0:0:0:0:0:0:0:1 at 2012-09-19 22:25:32 -0300
Processing by ConcursosController#create as HTML
  Parameters: {"utf8"=>"✓", "authenticity_token"=>"ojmbF096nq7jkR2fyhofcxuDD/W1B827y/zo2dywHe8=", "concurso"=>{"nome"=>"Teste", "inicio(1i)"=>"2012", "inicio(2i)"=>"9", "inicio(3i)"=>"20", "inicio(4i)"=>"01", "inicio(5i)"=>"20", "fim(1i)"=>"2012", "fim(2i)"=>"9", "fim(3i)"=>"20", "fim(4i)"=>"01", "fim(5i)"=>"21", "ganhador_id"=>"", "contratante_id"=>"0", "premio"=>""}, "commit"=>"Create Concurso"}
  [1m[36mConcurso Exists (0.0ms)[0m  [1mSELECT 1 AS one FROM "concursos" WHERE "concursos"."nome" = 'Teste' LIMIT 1[0m
  [1m[35mSQL (5.0ms)[0m  INSERT INTO "concursos" ("contratante_id", "created_at", "fim", "ganhador_id", "inicio", "nome", "premio", "updated_at") VALUES (0, '2012-09-20 01:25:32.840000', '2012-09-20 01:21:00.000000', NULL, '2012-09-20 01:20:00.000000', 'Teste', NULL, '2012-09-20 01:25:32.840000')
Redirected to http://localhost:3000/concursos/1
Completed 302 Found in 150ms (ActiveRecord: 5.0ms)


Started GET "/concursos/1" for 0:0:0:0:0:0:0:1 at 2012-09-19 22:25:32 -0300
Processing by ConcursosController#show as HTML
  Parameters: {"id"=>"1"}
  [1m[36mConcurso Load (0.0ms)[0m  [1mSELECT "concursos".* FROM "concursos" WHERE "concursos"."id" = 1 LIMIT 1[0m
  Rendered concursos/show.html.erb within layouts/application (32.0ms)
Completed 200 OK in 151ms (Views: 145.0ms | ActiveRecord: 0.0ms)


Started GET "/concursos" for 0:0:0:0:0:0:0:1 at 2012-09-19 22:25:36 -0300
Processing by ConcursosController#index as HTML
  [1m[35mConcurso Load (0.0ms)[0m  SELECT "concursos".* FROM "concursos" 
  Rendered concursos/index.html.erb within layouts/application (12.0ms)
Completed 200 OK in 59ms (Views: 55.0ms | ActiveRecord: 0.0ms)


Started GET "/concursos/1" for 0:0:0:0:0:0:0:1 at 2012-09-19 22:25:49 -0300
Processing by ConcursosController#show as HTML
  Parameters: {"id"=>"1"}
  [1m[36mConcurso Load (0.0ms)[0m  [1mSELECT "concursos".* FROM "concursos" WHERE "concursos"."id" = 1 LIMIT 1[0m
  Rendered concursos/show.html.erb within layouts/application (5.0ms)
Completed 200 OK in 26ms (Views: 21.0ms | ActiveRecord: 0.0ms)


Started GET "/concursos" for 0:0:0:0:0:0:0:1 at 2012-09-19 22:25:54 -0300
Processing by ConcursosController#index as HTML
  [1m[35mConcurso Load (1.0ms)[0m  SELECT "concursos".* FROM "concursos" 
  Rendered concursos/index.html.erb within layouts/application (8.0ms)
Completed 200 OK in 30ms (Views: 24.0ms | ActiveRecord: 1.0ms)


Started GET "/concursos/new" for 0:0:0:0:0:0:0:1 at 2012-09-19 22:25:55 -0300
Processing by ConcursosController#new as HTML
  Rendered concursos/_form.html.erb (48.0ms)
  Rendered concursos/new.html.erb within layouts/application (51.0ms)
Completed 200 OK in 85ms (Views: 83.0ms | ActiveRecord: 0.0ms)


Started POST "/concursos" for 0:0:0:0:0:0:0:1 at 2012-09-19 22:25:58 -0300
Processing by ConcursosController#create as HTML
  Parameters: {"utf8"=>"✓", "authenticity_token"=>"ojmbF096nq7jkR2fyhofcxuDD/W1B827y/zo2dywHe8=", "concurso"=>{"nome"=>"Teste", "inicio(1i)"=>"2012", "inicio(2i)"=>"9", "inicio(3i)"=>"20", "inicio(4i)"=>"01", "inicio(5i)"=>"25", "fim(1i)"=>"2012", "fim(2i)"=>"9", "fim(3i)"=>"20", "fim(4i)"=>"01", "fim(5i)"=>"25", "ganhador_id"=>"", "contratante_id"=>"", "premio"=>""}, "commit"=>"Create Concurso"}
  [1m[36mConcurso Exists (0.0ms)[0m  [1mSELECT 1 AS one FROM "concursos" WHERE "concursos"."nome" = 'Teste' LIMIT 1[0m
  Rendered concursos/_form.html.erb (53.0ms)
  Rendered concursos/new.html.erb within layouts/application (111.0ms)
Completed 200 OK in 145ms (Views: 130.0ms | ActiveRecord: 0.0ms)


Started POST "/concursos" for 0:0:0:0:0:0:0:1 at 2012-09-19 22:26:16 -0300
Processing by ConcursosController#create as HTML
  Parameters: {"utf8"=>"✓", "authenticity_token"=>"ojmbF096nq7jkR2fyhofcxuDD/W1B827y/zo2dywHe8=", "concurso"=>{"nome"=>"Teste 2", "inicio(1i)"=>"2012", "inicio(2i)"=>"9", "inicio(3i)"=>"20", "inicio(4i)"=>"01", "inicio(5i)"=>"25", "fim(1i)"=>"2012", "fim(2i)"=>"9", "fim(3i)"=>"20", "fim(4i)"=>"01", "fim(5i)"=>"26", "ganhador_id"=>"", "contratante_id"=>"1", "premio"=>""}, "commit"=>"Create Concurso"}
  [1m[35mConcurso Exists (0.0ms)[0m  SELECT 1 AS one FROM "concursos" WHERE "concursos"."nome" = 'Teste 2' LIMIT 1
  [1m[36mSQL (3.0ms)[0m  [1mINSERT INTO "concursos" ("contratante_id", "created_at", "fim", "ganhador_id", "inicio", "nome", "premio", "updated_at") VALUES (1, '2012-09-20 01:26:16.634000', '2012-09-20 01:26:00.000000', NULL, '2012-09-20 01:25:00.000000', 'Teste 2', NULL, '2012-09-20 01:26:16.634000')[0m
Redirected to http://localhost:3000/concursos/2
Completed 302 Found in 148ms (ActiveRecord: 3.0ms)


Started GET "/concursos/2" for 0:0:0:0:0:0:0:1 at 2012-09-19 22:26:16 -0300
Processing by ConcursosController#show as HTML
  Parameters: {"id"=>"2"}
  [1m[35mConcurso Load (0.0ms)[0m  SELECT "concursos".* FROM "concursos" WHERE "concursos"."id" = 2 LIMIT 1
  Rendered concursos/show.html.erb within layouts/application (3.0ms)
Completed 200 OK in 35ms (Views: 30.0ms | ActiveRecord: 0.0ms)


Started GET "/assets/concursos.css?body=1" for 0:0:0:0:0:0:0:1 at 2012-09-19 22:26:16 -0300
Served asset /concursos.css - 304 Not Modified (0ms)


Started GET "/assets/concursos.js?body=1" for 0:0:0:0:0:0:0:1 at 2012-09-19 22:26:16 -0300
Served asset /concursos.js - 304 Not Modified (0ms)


Started GET "/concursos" for 0:0:0:0:0:0:0:1 at 2012-09-19 22:26:21 -0300
Processing by ConcursosController#index as HTML
  [1m[36mConcurso Load (1.0ms)[0m  [1mSELECT "concursos".* FROM "concursos" [0m
  Rendered concursos/index.html.erb within layouts/application (12.0ms)
Completed 200 OK in 33ms (Views: 28.0ms | ActiveRecord: 1.0ms)


Started GET "/assets/concursos.css?body=1" for 0:0:0:0:0:0:0:1 at 2012-09-19 22:26:22 -0300
Served asset /concursos.css - 304 Not Modified (1ms)


Started GET "/assets/concursos.js?body=1" for 0:0:0:0:0:0:0:1 at 2012-09-19 22:26:22 -0300
Served asset /concursos.js - 304 Not Modified (0ms)


Started GET "/concursos/new" for 0:0:0:0:0:0:0:1 at 2012-09-19 22:40:52 -0300
Processing by ConcursosController#new as HTML
  Rendered concursos/_form.html.erb (46.0ms)
  Rendered concursos/new.html.erb within layouts/application (49.0ms)
Completed 200 OK in 74ms (Views: 73.0ms | ActiveRecord: 0.0ms)


Started GET "/assets/concursos.css?body=1" for 0:0:0:0:0:0:0:1 at 2012-09-19 22:40:53 -0300
Served asset /concursos.css - 304 Not Modified (1ms)


Started GET "/assets/concursos.js?body=1" for 0:0:0:0:0:0:0:1 at 2012-09-19 22:40:53 -0300
Served asset /concursos.js - 304 Not Modified (0ms)


Started GET "/concursos" for 0:0:0:0:0:0:0:1 at 2012-09-19 22:44:22 -0300
Connecting to database specified by database.yml
Processing by ConcursosController#index as HTML
  [1m[36mConcurso Load (1.0ms)[0m  [1mSELECT "concursos".* FROM "concursos" [0m
  Rendered concursos/index.html.erb within layouts/application (41.0ms)
Completed 200 OK in 450ms (Views: 293.0ms | ActiveRecord: 4.0ms)


Started GET "/assets/rails.png" for 0:0:0:0:0:0:0:1 at 2012-09-19 22:44:24 -0300
Served asset /rails.png - 304 Not Modified (9ms)


Started GET "/concursos" for 0:0:0:0:0:0:0:1 at 2012-09-19 22:44:30 -0300
Processing by ConcursosController#index as HTML
  [1m[35mConcurso Load (0.0ms)[0m  SELECT "concursos".* FROM "concursos" 
  Rendered concursos/index.html.erb within layouts/application (23.0ms)
Completed 200 OK in 56ms (Views: 51.0ms | ActiveRecord: 0.0ms)


Started GET "/assets/concursos.css?body=1" for 0:0:0:0:0:0:0:1 at 2012-09-19 22:44:30 -0300
Served asset /concursos.css - 304 Not Modified (9ms)


Started GET "/assets/concursos.js?body=1" for 0:0:0:0:0:0:0:1 at 2012-09-19 22:44:31 -0300
Served asset /concursos.js - 304 Not Modified (10ms)


Started GET "/concursos/new" for 0:0:0:0:0:0:0:1 at 2012-09-19 22:44:32 -0300
Processing by ConcursosController#new as HTML
  Rendered concursos/_form.html.erb (179.0ms)
  Rendered concursos/new.html.erb within layouts/application (194.0ms)
Completed 500 Internal Server Error in 207ms

ActionView::Template::Error (undefined method `-' for "translation missing: pt.date.order":String):
    17:   </div>
    18:   <div class="field">
    19:     <%= f.label :inicio %><br />
    20:     <%= f.datetime_select :inicio %>
    21:   </div>
    22:   <div class="field">
    23:     <%= f.label :fim %><br />
  app/views/concursos/_form.html.erb:20:in `_app_views_concursos__form_html_erb__1308413243_7088'
  app/views/concursos/_form.html.erb:1:in `_app_views_concursos__form_html_erb__1308413243_7088'
  app/views/concursos/new.html.erb:3:in `_app_views_concursos_new_html_erb___1798083430_7084'
  app/controllers/concursos_controller.rb:29:in `new'


  Rendered c:/jruby-1.7.0.preview2/lib/ruby/gems/shared/gems/actionpack-3.2.8/lib/action_dispatch/middleware/templates/rescues/_trace.erb (6.0ms)
  Rendered c:/jruby-1.7.0.preview2/lib/ruby/gems/shared/gems/actionpack-3.2.8/lib/action_dispatch/middleware/templates/rescues/_request_and_response.erb (6.0ms)
  Rendered c:/jruby-1.7.0.preview2/lib/ruby/gems/shared/gems/actionpack-3.2.8/lib/action_dispatch/middleware/templates/rescues/template_error.erb within rescues/layout (66.0ms)


Started GET "/concursos/new" for 0:0:0:0:0:0:0:1 at 2012-09-19 22:45:51 -0300
Connecting to database specified by database.yml
Processing by ConcursosController#new as HTML
  Rendered concursos/_form.html.erb (123.0ms)
  Rendered concursos/new.html.erb within layouts/application (147.0ms)
Completed 500 Internal Server Error in 348ms

ActionView::Template::Error (undefined method `-' for "translation missing: pt.date.order":String):
    17:   </div>
    18:   <div class="field">
    19:     <%= f.label :inicio %><br />
    20:     <%= f.datetime_select :inicio %>
    21:   </div>
    22:   <div class="field">
    23:     <%= f.label :fim %><br />
  app/views/concursos/_form.html.erb:20:in `_app_views_concursos__form_html_erb__321442918_6750'
  app/views/concursos/_form.html.erb:1:in `_app_views_concursos__form_html_erb__321442918_6750'
  app/views/concursos/new.html.erb:3:in `_app_views_concursos_new_html_erb___1330430984_6746'
  app/controllers/concursos_controller.rb:29:in `new'


  Rendered c:/jruby-1.7.0.preview2/lib/ruby/gems/shared/gems/actionpack-3.2.8/lib/action_dispatch/middleware/templates/rescues/_trace.erb (8.0ms)
  Rendered c:/jruby-1.7.0.preview2/lib/ruby/gems/shared/gems/actionpack-3.2.8/lib/action_dispatch/middleware/templates/rescues/_request_and_response.erb (7.0ms)
  Rendered c:/jruby-1.7.0.preview2/lib/ruby/gems/shared/gems/actionpack-3.2.8/lib/action_dispatch/middleware/templates/rescues/template_error.erb within rescues/layout (34.0ms)


Started GET "/concursos" for 0:0:0:0:0:0:0:1 at 2012-09-19 22:46:02 -0300
Processing by ConcursosController#index as HTML
  [1m[36mConcurso Load (2.0ms)[0m  [1mSELECT "concursos".* FROM "concursos" [0m
  Rendered concursos/index.html.erb within layouts/application (21.0ms)
Completed 200 OK in 197ms (Views: 188.0ms | ActiveRecord: 2.0ms)


Started GET "/assets/concursos.css?body=1" for 0:0:0:0:0:0:0:1 at 2012-09-19 22:46:02 -0300
Served asset /concursos.css - 304 Not Modified (16ms)


Started GET "/assets/concursos.js?body=1" for 0:0:0:0:0:0:0:1 at 2012-09-19 22:46:02 -0300
Served asset /concursos.js - 304 Not Modified (21ms)


Started GET "/assets/rails.png" for 0:0:0:0:0:0:0:1 at 2012-09-19 22:46:23 -0300
Served asset /rails.png - 304 Not Modified (8ms)


Started GET "/assets/rails.png" for 0:0:0:0:0:0:0:1 at 2012-09-19 22:48:00 -0300
Connecting to database specified by database.yml
Served asset /rails.png - 304 Not Modified (39ms)


Started GET "/concursos" for 0:0:0:0:0:0:0:1 at 2012-09-19 22:48:04 -0300
Processing by ConcursosController#index as HTML
  [1m[36mConcurso Load (2.0ms)[0m  [1mSELECT "concursos".* FROM "concursos" [0m
  Rendered concursos/index.html.erb within layouts/application (64.0ms)
Completed 200 OK in 468ms (Views: 263.0ms | ActiveRecord: 22.0ms)


Started GET "/assets/concursos.css?body=1" for 0:0:0:0:0:0:0:1 at 2012-09-19 22:48:04 -0300
Served asset /concursos.css - 304 Not Modified (13ms)


Started GET "/assets/concursos.js?body=1" for 0:0:0:0:0:0:0:1 at 2012-09-19 22:48:04 -0300
Served asset /concursos.js - 304 Not Modified (8ms)


Started GET "/concursos/new" for 0:0:0:0:0:0:0:1 at 2012-09-19 22:48:07 -0300
Processing by ConcursosController#new as HTML
  Rendered concursos/_form.html.erb (186.0ms)
  Rendered concursos/new.html.erb within layouts/application (200.0ms)
Completed 200 OK in 233ms (Views: 230.0ms | ActiveRecord: 0.0ms)


Started GET "/assets/concursos.css?body=1" for 0:0:0:0:0:0:0:1 at 2012-09-19 22:48:07 -0300
Served asset /concursos.css - 304 Not Modified (1ms)


Started GET "/assets/concursos.js?body=1" for 0:0:0:0:0:0:0:1 at 2012-09-19 22:48:07 -0300
Served asset /concursos.js - 304 Not Modified (0ms)


Started GET "/concursos" for 0:0:0:0:0:0:0:1 at 2012-09-19 22:48:35 -0300
Processing by ConcursosController#index as HTML
  [1m[35mConcurso Load (0.0ms)[0m  SELECT "concursos".* FROM "concursos" 
  Rendered concursos/index.html.erb within layouts/application (15.0ms)
Completed 200 OK in 42ms (Views: 37.0ms | ActiveRecord: 0.0ms)


Started GET "/assets/concursos.js?body=1" for 0:0:0:0:0:0:0:1 at 2012-09-19 22:48:35 -0300
Served asset /concursos.js - 304 Not Modified (0ms)


Started GET "/assets/concursos.css?body=1" for 0:0:0:0:0:0:0:1 at 2012-09-19 22:48:35 -0300
Served asset /concursos.css - 304 Not Modified (1ms)


Started GET "/concursos" for 0:0:0:0:0:0:0:1 at 2012-09-19 22:52:12 -0300
Processing by ConcursosController#index as HTML
  [1m[36mConcurso Load (1.0ms)[0m  [1mSELECT "concursos".* FROM "concursos" [0m
  Rendered concursos/index.html.erb within layouts/application (27.0ms)
Completed 200 OK in 71ms (Views: 67.0ms | ActiveRecord: 1.0ms)


Started GET "/assets/concursos.css?body=1" for 0:0:0:0:0:0:0:1 at 2012-09-19 22:52:12 -0300
Served asset /concursos.css - 304 Not Modified (1ms)


Started GET "/assets/concursos.js?body=1" for 0:0:0:0:0:0:0:1 at 2012-09-19 22:52:12 -0300
Served asset /concursos.js - 304 Not Modified (0ms)


Started GET "/concursos" for 0:0:0:0:0:0:0:1 at 2012-09-19 22:52:47 -0300
Processing by ConcursosController#index as HTML
  [1m[35mConcurso Load (1.0ms)[0m  SELECT "concursos".* FROM "concursos" 
  Rendered concursos/index.html.erb within layouts/application (18.0ms)
Completed 200 OK in 72ms (Views: 57.0ms | ActiveRecord: 1.0ms)


Started GET "/assets/concursos.css?body=1" for 0:0:0:0:0:0:0:1 at 2012-09-19 22:52:47 -0300
Served asset /concursos.css - 304 Not Modified (0ms)


Started GET "/assets/concursos.js?body=1" for 0:0:0:0:0:0:0:1 at 2012-09-19 22:52:47 -0300
Served asset /concursos.js - 304 Not Modified (0ms)


Started GET "/concursos" for 0:0:0:0:0:0:0:1 at 2012-09-19 22:53:19 -0300
Processing by ConcursosController#index as HTML
  [1m[36mConcurso Load (0.0ms)[0m  [1mSELECT "concursos".* FROM "concursos" [0m
  Rendered concursos/index.html.erb within layouts/application (17.0ms)
Completed 200 OK in 53ms (Views: 49.0ms | ActiveRecord: 0.0ms)


Started GET "/assets/concursos.css?body=1" for 0:0:0:0:0:0:0:1 at 2012-09-19 22:53:19 -0300
Served asset /concursos.css - 304 Not Modified (1ms)


Started GET "/assets/concursos.js?body=1" for 0:0:0:0:0:0:0:1 at 2012-09-19 22:53:19 -0300
Served asset /concursos.js - 304 Not Modified (1ms)
